<?xml version="1.0" encoding="UTF-8"?>
<!-- Generated by org.testng.reporters.JUnitXMLReporter -->
<testsuite hostname="prakashs-MacBook-Pro.local" ignored="0" name="Default test" tests="999" failures="1" timestamp="05 Nov 2018 13:04:40 GMT" time="116.746" errors="0">
  <testcase name="@AfterMethod aftermethod" time="0.016" classname="com.hybrid.testBase.TestBase">
    <failure type="org.openqa.selenium.NoSuchWindowException" message="no such window: target window already closed
from unknown error: web view not found
  (Session info: chrome=70.0.3538.77)
  (Driver info: chromedriver=2.42.591059 (a3d9684d10d61aa0c45f6723b327283be1ebaad8),platform=Mac OS X 10.12.6 x86_64) (WARNING: The server did not provide any stacktrace information)
Command duration or timeout: 0 milliseconds
Build info: version: &amp;apos;3.14.0&amp;apos;, revision: &amp;apos;aacccce0&amp;apos;, time: &amp;apos;2018-08-02T20:13:22.693Z&amp;apos;
System info: host: &amp;apos;prakashs-MacBook-Pro.local&amp;apos;, ip: &amp;apos;192.168.1.151&amp;apos;, os.name: &amp;apos;Mac OS X&amp;apos;, os.arch: &amp;apos;x86_64&amp;apos;, os.version: &amp;apos;10.12.6&amp;apos;, java.version: &amp;apos;1.8.0_181&amp;apos;
Driver info: org.openqa.selenium.chrome.ChromeDriver
Capabilities {acceptInsecureCerts: false, acceptSslCerts: false, applicationCacheEnabled: false, browserConnectionEnabled: false, browserName: chrome, chrome: {chromedriverVersion: 2.42.591059 (a3d9684d10d61a..., userDataDir: /var/folders/zv/pcnqc5p90c7...}, cssSelectorsEnabled: true, databaseEnabled: false, goog:chromeOptions: {debuggerAddress: localhost:52094}, handlesAlerts: true, hasTouchScreen: false, javascriptEnabled: true, locationContextEnabled: true, mobileEmulationEnabled: false, nativeEvents: true, networkConnectionEnabled: false, pageLoadStrategy: normal, platform: MAC, platformName: MAC, rotatable: false, setWindowRect: true, takesHeapSnapshot: true, takesScreenshot: true, unexpectedAlertBehaviour: , unhandledPromptBehavior: , version: 70.0.3538.77, webStorageEnabled: true}
Session ID: a93b2e3836d43d5ab85db32b8dcaa8b6">
      <![CDATA[org.openqa.selenium.NoSuchWindowException: no such window: target window already closed
from unknown error: web view not found
  (Session info: chrome=70.0.3538.77)
  (Driver info: chromedriver=2.42.591059 (a3d9684d10d61aa0c45f6723b327283be1ebaad8),platform=Mac OS X 10.12.6 x86_64) (WARNING: The server did not provide any stacktrace information)
Command duration or timeout: 0 milliseconds
Build info: version: '3.14.0', revision: 'aacccce0', time: '2018-08-02T20:13:22.693Z'
System info: host: 'prakashs-MacBook-Pro.local', ip: '192.168.1.151', os.name: 'Mac OS X', os.arch: 'x86_64', os.version: '10.12.6', java.version: '1.8.0_181'
Driver info: org.openqa.selenium.chrome.ChromeDriver
Capabilities {acceptInsecureCerts: false, acceptSslCerts: false, applicationCacheEnabled: false, browserConnectionEnabled: false, browserName: chrome, chrome: {chromedriverVersion: 2.42.591059 (a3d9684d10d61a..., userDataDir: /var/folders/zv/pcnqc5p90c7...}, cssSelectorsEnabled: true, databaseEnabled: false, goog:chromeOptions: {debuggerAddress: localhost:52094}, handlesAlerts: true, hasTouchScreen: false, javascriptEnabled: true, locationContextEnabled: true, mobileEmulationEnabled: false, nativeEvents: true, networkConnectionEnabled: false, pageLoadStrategy: normal, platform: MAC, platformName: MAC, rotatable: false, setWindowRect: true, takesHeapSnapshot: true, takesScreenshot: true, unexpectedAlertBehaviour: , unhandledPromptBehavior: , version: 70.0.3538.77, webStorageEnabled: true}
Session ID: a93b2e3836d43d5ab85db32b8dcaa8b6
at sun.reflect.NativeConstructorAccessorImpl.newInstance0(Native Method)
at sun.reflect.NativeConstructorAccessorImpl.newInstance(NativeConstructorAccessorImpl.java:62)
at sun.reflect.DelegatingConstructorAccessorImpl.newInstance(DelegatingConstructorAccessorImpl.java:45)
at java.lang.reflect.Constructor.newInstance(Constructor.java:423)
at org.openqa.selenium.remote.ErrorHandler.createThrowable(ErrorHandler.java:214)
at org.openqa.selenium.remote.ErrorHandler.throwIfResponseFailed(ErrorHandler.java:166)
at org.openqa.selenium.remote.http.JsonHttpResponseCodec.reconstructValue(JsonHttpResponseCodec.java:40)
at org.openqa.selenium.remote.http.AbstractHttpResponseCodec.decode(AbstractHttpResponseCodec.java:80)
at org.openqa.selenium.remote.http.AbstractHttpResponseCodec.decode(AbstractHttpResponseCodec.java:44)
at org.openqa.selenium.remote.HttpCommandExecutor.execute(HttpCommandExecutor.java:158)
at org.openqa.selenium.remote.service.DriverCommandExecutor.execute(DriverCommandExecutor.java:83)
at org.openqa.selenium.remote.RemoteWebDriver.execute(RemoteWebDriver.java:548)
at org.openqa.selenium.remote.RemoteWebDriver.execute(RemoteWebDriver.java:605)
at org.openqa.selenium.remote.RemoteWebDriver.getScreenshotAs(RemoteWebDriver.java:294)
at com.hybrid.testBase.TestBase.getScreenshot(TestBase.java:113)
at com.hybrid.testBase.TestBase.getresult(TestBase.java:138)
at com.hybrid.testBase.TestBase.aftermethod(TestBase.java:174)
at sun.reflect.NativeMethodAccessorImpl.invoke0(Native Method)
at sun.reflect.NativeMethodAccessorImpl.invoke(NativeMethodAccessorImpl.java:62)
at sun.reflect.DelegatingMethodAccessorImpl.invoke(DelegatingMethodAccessorImpl.java:43)
at java.lang.reflect.Method.invoke(Method.java:498)
at org.testng.internal.MethodInvocationHelper.invokeMethod(MethodInvocationHelper.java:124)
at org.testng.internal.MethodInvocationHelper.invokeMethodConsideringTimeout(MethodInvocationHelper.java:59)
at org.testng.internal.Invoker.invokeConfigurationMethod(Invoker.java:455)
at org.testng.internal.Invoker.invokeConfigurations(Invoker.java:222)
at org.testng.internal.Invoker.invokeMethod(Invoker.java:643)
at org.testng.internal.Invoker.invokeTestMethod(Invoker.java:716)
at org.testng.internal.Invoker.invokeTestMethods(Invoker.java:988)
at org.testng.internal.TestMethodWorker.invokeTestMethods(TestMethodWorker.java:125)
at org.testng.internal.TestMethodWorker.run(TestMethodWorker.java:109)
at org.testng.TestRunner.privateRun(TestRunner.java:648)
at org.testng.TestRunner.run(TestRunner.java:505)
at org.testng.SuiteRunner.runTest(SuiteRunner.java:455)
at org.testng.SuiteRunner.runSequentially(SuiteRunner.java:450)
at org.testng.SuiteRunner.privateRun(SuiteRunner.java:415)
at org.testng.SuiteRunner.run(SuiteRunner.java:364)
at org.testng.SuiteRunnerWorker.runSuite(SuiteRunnerWorker.java:52)
at org.testng.SuiteRunnerWorker.run(SuiteRunnerWorker.java:84)
at org.testng.TestNG.runSuitesSequentially(TestNG.java:1208)
at org.testng.TestNG.runSuitesLocally(TestNG.java:1137)
at org.testng.TestNG.runSuites(TestNG.java:1049)
at org.testng.TestNG.run(TestNG.java:1017)
at org.testng.remote.AbstractRemoteTestNG.run(AbstractRemoteTestNG.java:114)
at org.testng.remote.RemoteTestNG.initAndRun(RemoteTestNG.java:251)
at org.testng.remote.RemoteTestNG.main(RemoteTestNG.java:77)
]]>
    </failure>
  </testcase> <!-- @AfterMethod aftermethod -->
  <testcase name="@BeforeMethod beforemethod" time="0.0" classname="com.hybrid.testBase.TestBase">
    <skipped/>
  </testcase> <!-- @BeforeMethod beforemethod -->
  <testcase name="@AfterMethod aftermethod" time="0.0" classname="com.hybrid.testBase.TestBase">
    <skipped/>
  </testcase> <!-- @AfterMethod aftermethod -->
  <testcase name="@BeforeMethod beforemethod" time="0.0" classname="com.hybrid.testBase.TestBase">
    <skipped/>
  </testcase> <!-- @BeforeMethod beforemethod -->
  <testcase name="@AfterMethod aftermethod" time="0.0" classname="com.hybrid.testBase.TestBase">
    <skipped/>
  </testcase> <!-- @AfterMethod aftermethod -->
  <testcase name="@BeforeMethod beforemethod" time="0.0" classname="com.hybrid.testBase.TestBase">
    <skipped/>
  </testcase> <!-- @BeforeMethod beforemethod -->
  <testcase name="@AfterMethod aftermethod" time="0.0" classname="com.hybrid.testBase.TestBase">
    <skipped/>
  </testcase> <!-- @AfterMethod aftermethod -->
  <testcase name="@BeforeMethod beforemethod" time="0.0" classname="com.hybrid.testBase.TestBase">
    <skipped/>
  </testcase> <!-- @BeforeMethod beforemethod -->
  <testcase name="@AfterMethod aftermethod" time="0.0" classname="com.hybrid.testBase.TestBase">
    <skipped/>
  </testcase> <!-- @AfterMethod aftermethod -->
  <testcase name="@BeforeMethod beforemethod" time="0.0" classname="com.hybrid.testBase.TestBase">
    <skipped/>
  </testcase> <!-- @BeforeMethod beforemethod -->
  <testcase name="@AfterMethod aftermethod" time="0.0" classname="com.hybrid.testBase.TestBase">
    <skipped/>
  </testcase> <!-- @AfterMethod aftermethod -->
  <testcase name="@BeforeMethod beforemethod" time="0.0" classname="com.hybrid.testBase.TestBase">
    <skipped/>
  </testcase> <!-- @BeforeMethod beforemethod -->
  <testcase name="@AfterMethod aftermethod" time="0.0" classname="com.hybrid.testBase.TestBase">
    <skipped/>
  </testcase> <!-- @AfterMethod aftermethod -->
  <testcase name="@BeforeMethod beforemethod" time="0.0" classname="com.hybrid.testBase.TestBase">
    <skipped/>
  </testcase> <!-- @BeforeMethod beforemethod -->
  <testcase name="@AfterMethod aftermethod" time="0.0" classname="com.hybrid.testBase.TestBase">
    <skipped/>
  </testcase> <!-- @AfterMethod aftermethod -->
  <testcase name="@BeforeMethod beforemethod" time="0.0" classname="com.hybrid.testBase.TestBase">
    <skipped/>
  </testcase> <!-- @BeforeMethod beforemethod -->
  <testcase name="@AfterMethod aftermethod" time="0.0" classname="com.hybrid.testBase.TestBase">
    <skipped/>
  </testcase> <!-- @AfterMethod aftermethod -->
  <testcase name="@BeforeMethod beforemethod" time="0.0" classname="com.hybrid.testBase.TestBase">
    <skipped/>
  </testcase> <!-- @BeforeMethod beforemethod -->
  <testcase name="@AfterMethod aftermethod" time="0.0" classname="com.hybrid.testBase.TestBase">
    <skipped/>
  </testcase> <!-- @AfterMethod aftermethod -->
  <testcase name="@BeforeMethod beforemethod" time="0.0" classname="com.hybrid.testBase.TestBase">
    <skipped/>
  </testcase> <!-- @BeforeMethod beforemethod -->
  <testcase name="@AfterMethod aftermethod" time="0.0" classname="com.hybrid.testBase.TestBase">
    <skipped/>
  </testcase> <!-- @AfterMethod aftermethod -->
  <testcase name="@BeforeMethod beforemethod" time="0.0" classname="com.hybrid.testBase.TestBase">
    <skipped/>
  </testcase> <!-- @BeforeMethod beforemethod -->
  <testcase name="@AfterMethod aftermethod" time="0.0" classname="com.hybrid.testBase.TestBase">
    <skipped/>
  </testcase> <!-- @AfterMethod aftermethod -->
  <testcase name="@BeforeMethod beforemethod" time="0.0" classname="com.hybrid.testBase.TestBase">
    <skipped/>
  </testcase> <!-- @BeforeMethod beforemethod -->
  <testcase name="@AfterMethod aftermethod" time="0.0" classname="com.hybrid.testBase.TestBase">
    <skipped/>
  </testcase> <!-- @AfterMethod aftermethod -->
  <testcase name="@BeforeMethod beforemethod" time="0.0" classname="com.hybrid.testBase.TestBase">
    <skipped/>
  </testcase> <!-- @BeforeMethod beforemethod -->
  <testcase name="@AfterMethod aftermethod" time="0.0" classname="com.hybrid.testBase.TestBase">
    <skipped/>
  </testcase> <!-- @AfterMethod aftermethod -->
  <testcase name="@BeforeMethod beforemethod" time="0.0" classname="com.hybrid.testBase.TestBase">
    <skipped/>
  </testcase> <!-- @BeforeMethod beforemethod -->
  <testcase name="@AfterMethod aftermethod" time="0.0" classname="com.hybrid.testBase.TestBase">
    <skipped/>
  </testcase> <!-- @AfterMethod aftermethod -->
  <testcase name="@BeforeMethod beforemethod" time="0.0" classname="com.hybrid.testBase.TestBase">
    <skipped/>
  </testcase> <!-- @BeforeMethod beforemethod -->
  <testcase name="@AfterMethod aftermethod" time="0.0" classname="com.hybrid.testBase.TestBase">
    <skipped/>
  </testcase> <!-- @AfterMethod aftermethod -->
  <testcase name="@BeforeMethod beforemethod" time="0.0" classname="com.hybrid.testBase.TestBase">
    <skipped/>
  </testcase> <!-- @BeforeMethod beforemethod -->
  <testcase name="@AfterMethod aftermethod" time="0.0" classname="com.hybrid.testBase.TestBase">
    <skipped/>
  </testcase> <!-- @AfterMethod aftermethod -->
  <testcase name="@BeforeMethod beforemethod" time="0.0" classname="com.hybrid.testBase.TestBase">
    <skipped/>
  </testcase> <!-- @BeforeMethod beforemethod -->
  <testcase name="@AfterMethod aftermethod" time="0.0" classname="com.hybrid.testBase.TestBase">
    <skipped/>
  </testcase> <!-- @AfterMethod aftermethod -->
  <testcase name="@BeforeMethod beforemethod" time="0.0" classname="com.hybrid.testBase.TestBase">
    <skipped/>
  </testcase> <!-- @BeforeMethod beforemethod -->
  <testcase name="@AfterMethod aftermethod" time="0.0" classname="com.hybrid.testBase.TestBase">
    <skipped/>
  </testcase> <!-- @AfterMethod aftermethod -->
  <testcase name="@BeforeMethod beforemethod" time="0.0" classname="com.hybrid.testBase.TestBase">
    <skipped/>
  </testcase> <!-- @BeforeMethod beforemethod -->
  <testcase name="@AfterMethod aftermethod" time="0.0" classname="com.hybrid.testBase.TestBase">
    <skipped/>
  </testcase> <!-- @AfterMethod aftermethod -->
  <testcase name="@BeforeMethod beforemethod" time="0.0" classname="com.hybrid.testBase.TestBase">
    <skipped/>
  </testcase> <!-- @BeforeMethod beforemethod -->
  <testcase name="@AfterMethod aftermethod" time="0.0" classname="com.hybrid.testBase.TestBase">
    <skipped/>
  </testcase> <!-- @AfterMethod aftermethod -->
  <testcase name="@BeforeMethod beforemethod" time="0.0" classname="com.hybrid.testBase.TestBase">
    <skipped/>
  </testcase> <!-- @BeforeMethod beforemethod -->
  <testcase name="@AfterMethod aftermethod" time="0.0" classname="com.hybrid.testBase.TestBase">
    <skipped/>
  </testcase> <!-- @AfterMethod aftermethod -->
  <testcase name="@BeforeMethod beforemethod" time="0.0" classname="com.hybrid.testBase.TestBase">
    <skipped/>
  </testcase> <!-- @BeforeMethod beforemethod -->
  <testcase name="@AfterMethod aftermethod" time="0.0" classname="com.hybrid.testBase.TestBase">
    <skipped/>
  </testcase> <!-- @AfterMethod aftermethod -->
  <testcase name="@BeforeMethod beforemethod" time="0.0" classname="com.hybrid.testBase.TestBase">
    <skipped/>
  </testcase> <!-- @BeforeMethod beforemethod -->
  <testcase name="@AfterMethod aftermethod" time="0.0" classname="com.hybrid.testBase.TestBase">
    <skipped/>
  </testcase> <!-- @AfterMethod aftermethod -->
  <testcase name="@BeforeMethod beforemethod" time="0.0" classname="com.hybrid.testBase.TestBase">
    <skipped/>
  </testcase> <!-- @BeforeMethod beforemethod -->
  <testcase name="@AfterMethod aftermethod" time="0.0" classname="com.hybrid.testBase.TestBase">
    <skipped/>
  </testcase> <!-- @AfterMethod aftermethod -->
  <testcase name="@BeforeMethod beforemethod" time="0.0" classname="com.hybrid.testBase.TestBase">
    <skipped/>
  </testcase> <!-- @BeforeMethod beforemethod -->
  <testcase name="@AfterMethod aftermethod" time="0.0" classname="com.hybrid.testBase.TestBase">
    <skipped/>
  </testcase> <!-- @AfterMethod aftermethod -->
  <testcase name="@BeforeMethod beforemethod" time="0.0" classname="com.hybrid.testBase.TestBase">
    <skipped/>
  </testcase> <!-- @BeforeMethod beforemethod -->
  <testcase name="@AfterMethod aftermethod" time="0.0" classname="com.hybrid.testBase.TestBase">
    <skipped/>
  </testcase> <!-- @AfterMethod aftermethod -->
  <testcase name="@BeforeMethod beforemethod" time="0.0" classname="com.hybrid.testBase.TestBase">
    <skipped/>
  </testcase> <!-- @BeforeMethod beforemethod -->
  <testcase name="@AfterMethod aftermethod" time="0.0" classname="com.hybrid.testBase.TestBase">
    <skipped/>
  </testcase> <!-- @AfterMethod aftermethod -->
  <testcase name="@BeforeMethod beforemethod" time="0.0" classname="com.hybrid.testBase.TestBase">
    <skipped/>
  </testcase> <!-- @BeforeMethod beforemethod -->
  <testcase name="@AfterMethod aftermethod" time="0.0" classname="com.hybrid.testBase.TestBase">
    <skipped/>
  </testcase> <!-- @AfterMethod aftermethod -->
  <testcase name="@BeforeMethod beforemethod" time="0.0" classname="com.hybrid.testBase.TestBase">
    <skipped/>
  </testcase> <!-- @BeforeMethod beforemethod -->
  <testcase name="@AfterMethod aftermethod" time="0.0" classname="com.hybrid.testBase.TestBase">
    <skipped/>
  </testcase> <!-- @AfterMethod aftermethod -->
  <testcase name="@BeforeMethod beforemethod" time="0.0" classname="com.hybrid.testBase.TestBase">
    <skipped/>
  </testcase> <!-- @BeforeMethod beforemethod -->
  <testcase name="@AfterMethod aftermethod" time="0.0" classname="com.hybrid.testBase.TestBase">
    <skipped/>
  </testcase> <!-- @AfterMethod aftermethod -->
  <testcase name="@BeforeMethod beforemethod" time="0.0" classname="com.hybrid.testBase.TestBase">
    <skipped/>
  </testcase> <!-- @BeforeMethod beforemethod -->
  <testcase name="@AfterMethod aftermethod" time="0.0" classname="com.hybrid.testBase.TestBase">
    <skipped/>
  </testcase> <!-- @AfterMethod aftermethod -->
  <testcase name="@BeforeMethod beforemethod" time="0.0" classname="com.hybrid.testBase.TestBase">
    <skipped/>
  </testcase> <!-- @BeforeMethod beforemethod -->
  <testcase name="@AfterMethod aftermethod" time="0.0" classname="com.hybrid.testBase.TestBase">
    <skipped/>
  </testcase> <!-- @AfterMethod aftermethod -->
  <testcase name="@BeforeMethod beforemethod" time="0.0" classname="com.hybrid.testBase.TestBase">
    <skipped/>
  </testcase> <!-- @BeforeMethod beforemethod -->
  <testcase name="@AfterMethod aftermethod" time="0.0" classname="com.hybrid.testBase.TestBase">
    <skipped/>
  </testcase> <!-- @AfterMethod aftermethod -->
  <testcase name="@BeforeMethod beforemethod" time="0.0" classname="com.hybrid.testBase.TestBase">
    <skipped/>
  </testcase> <!-- @BeforeMethod beforemethod -->
  <testcase name="@AfterMethod aftermethod" time="0.0" classname="com.hybrid.testBase.TestBase">
    <skipped/>
  </testcase> <!-- @AfterMethod aftermethod -->
  <testcase name="@BeforeMethod beforemethod" time="0.0" classname="com.hybrid.testBase.TestBase">
    <skipped/>
  </testcase> <!-- @BeforeMethod beforemethod -->
  <testcase name="@AfterMethod aftermethod" time="0.0" classname="com.hybrid.testBase.TestBase">
    <skipped/>
  </testcase> <!-- @AfterMethod aftermethod -->
  <testcase name="@BeforeMethod beforemethod" time="0.0" classname="com.hybrid.testBase.TestBase">
    <skipped/>
  </testcase> <!-- @BeforeMethod beforemethod -->
  <testcase name="@AfterMethod aftermethod" time="0.0" classname="com.hybrid.testBase.TestBase">
    <skipped/>
  </testcase> <!-- @AfterMethod aftermethod -->
  <testcase name="@BeforeMethod beforemethod" time="0.0" classname="com.hybrid.testBase.TestBase">
    <skipped/>
  </testcase> <!-- @BeforeMethod beforemethod -->
  <testcase name="@AfterMethod aftermethod" time="0.0" classname="com.hybrid.testBase.TestBase">
    <skipped/>
  </testcase> <!-- @AfterMethod aftermethod -->
  <testcase name="@BeforeMethod beforemethod" time="0.0" classname="com.hybrid.testBase.TestBase">
    <skipped/>
  </testcase> <!-- @BeforeMethod beforemethod -->
  <testcase name="@AfterMethod aftermethod" time="0.0" classname="com.hybrid.testBase.TestBase">
    <skipped/>
  </testcase> <!-- @AfterMethod aftermethod -->
  <testcase name="@BeforeMethod beforemethod" time="0.0" classname="com.hybrid.testBase.TestBase">
    <skipped/>
  </testcase> <!-- @BeforeMethod beforemethod -->
  <testcase name="@AfterMethod aftermethod" time="0.0" classname="com.hybrid.testBase.TestBase">
    <skipped/>
  </testcase> <!-- @AfterMethod aftermethod -->
  <testcase name="@BeforeMethod beforemethod" time="0.0" classname="com.hybrid.testBase.TestBase">
    <skipped/>
  </testcase> <!-- @BeforeMethod beforemethod -->
  <testcase name="@AfterMethod aftermethod" time="0.0" classname="com.hybrid.testBase.TestBase">
    <skipped/>
  </testcase> <!-- @AfterMethod aftermethod -->
  <testcase name="@BeforeMethod beforemethod" time="0.0" classname="com.hybrid.testBase.TestBase">
    <skipped/>
  </testcase> <!-- @BeforeMethod beforemethod -->
  <testcase name="@AfterMethod aftermethod" time="0.0" classname="com.hybrid.testBase.TestBase">
    <skipped/>
  </testcase> <!-- @AfterMethod aftermethod -->
  <testcase name="@BeforeMethod beforemethod" time="0.0" classname="com.hybrid.testBase.TestBase">
    <skipped/>
  </testcase> <!-- @BeforeMethod beforemethod -->
  <testcase name="@AfterMethod aftermethod" time="0.0" classname="com.hybrid.testBase.TestBase">
    <skipped/>
  </testcase> <!-- @AfterMethod aftermethod -->
  <testcase name="@BeforeMethod beforemethod" time="0.0" classname="com.hybrid.testBase.TestBase">
    <skipped/>
  </testcase> <!-- @BeforeMethod beforemethod -->
  <testcase name="@AfterMethod aftermethod" time="0.0" classname="com.hybrid.testBase.TestBase">
    <skipped/>
  </testcase> <!-- @AfterMethod aftermethod -->
  <testcase name="@BeforeMethod beforemethod" time="0.0" classname="com.hybrid.testBase.TestBase">
    <skipped/>
  </testcase> <!-- @BeforeMethod beforemethod -->
  <testcase name="@AfterMethod aftermethod" time="0.0" classname="com.hybrid.testBase.TestBase">
    <skipped/>
  </testcase> <!-- @AfterMethod aftermethod -->
  <testcase name="@BeforeMethod beforemethod" time="0.0" classname="com.hybrid.testBase.TestBase">
    <skipped/>
  </testcase> <!-- @BeforeMethod beforemethod -->
  <testcase name="@AfterMethod aftermethod" time="0.0" classname="com.hybrid.testBase.TestBase">
    <skipped/>
  </testcase> <!-- @AfterMethod aftermethod -->
  <testcase name="@BeforeMethod beforemethod" time="0.0" classname="com.hybrid.testBase.TestBase">
    <skipped/>
  </testcase> <!-- @BeforeMethod beforemethod -->
  <testcase name="@AfterMethod aftermethod" time="0.0" classname="com.hybrid.testBase.TestBase">
    <skipped/>
  </testcase> <!-- @AfterMethod aftermethod -->
  <testcase name="@BeforeMethod beforemethod" time="0.0" classname="com.hybrid.testBase.TestBase">
    <skipped/>
  </testcase> <!-- @BeforeMethod beforemethod -->
  <testcase name="@AfterMethod aftermethod" time="0.0" classname="com.hybrid.testBase.TestBase">
    <skipped/>
  </testcase> <!-- @AfterMethod aftermethod -->
  <testcase name="@BeforeMethod beforemethod" time="0.0" classname="com.hybrid.testBase.TestBase">
    <skipped/>
  </testcase> <!-- @BeforeMethod beforemethod -->
  <testcase name="@AfterMethod aftermethod" time="0.0" classname="com.hybrid.testBase.TestBase">
    <skipped/>
  </testcase> <!-- @AfterMethod aftermethod -->
  <testcase name="@BeforeMethod beforemethod" time="0.0" classname="com.hybrid.testBase.TestBase">
    <skipped/>
  </testcase> <!-- @BeforeMethod beforemethod -->
  <testcase name="@AfterMethod aftermethod" time="0.0" classname="com.hybrid.testBase.TestBase">
    <skipped/>
  </testcase> <!-- @AfterMethod aftermethod -->
  <testcase name="@BeforeMethod beforemethod" time="0.0" classname="com.hybrid.testBase.TestBase">
    <skipped/>
  </testcase> <!-- @BeforeMethod beforemethod -->
  <testcase name="@AfterMethod aftermethod" time="0.0" classname="com.hybrid.testBase.TestBase">
    <skipped/>
  </testcase> <!-- @AfterMethod aftermethod -->
  <testcase name="@BeforeMethod beforemethod" time="0.0" classname="com.hybrid.testBase.TestBase">
    <skipped/>
  </testcase> <!-- @BeforeMethod beforemethod -->
  <testcase name="@AfterMethod aftermethod" time="0.0" classname="com.hybrid.testBase.TestBase">
    <skipped/>
  </testcase> <!-- @AfterMethod aftermethod -->
  <testcase name="@BeforeMethod beforemethod" time="0.0" classname="com.hybrid.testBase.TestBase">
    <skipped/>
  </testcase> <!-- @BeforeMethod beforemethod -->
  <testcase name="@AfterMethod aftermethod" time="0.0" classname="com.hybrid.testBase.TestBase">
    <skipped/>
  </testcase> <!-- @AfterMethod aftermethod -->
  <testcase name="@BeforeMethod beforemethod" time="0.0" classname="com.hybrid.testBase.TestBase">
    <skipped/>
  </testcase> <!-- @BeforeMethod beforemethod -->
  <testcase name="@AfterMethod aftermethod" time="0.0" classname="com.hybrid.testBase.TestBase">
    <skipped/>
  </testcase> <!-- @AfterMethod aftermethod -->
  <testcase name="@BeforeMethod beforemethod" time="0.0" classname="com.hybrid.testBase.TestBase">
    <skipped/>
  </testcase> <!-- @BeforeMethod beforemethod -->
  <testcase name="@AfterMethod aftermethod" time="0.0" classname="com.hybrid.testBase.TestBase">
    <skipped/>
  </testcase> <!-- @AfterMethod aftermethod -->
  <testcase name="@BeforeMethod beforemethod" time="0.0" classname="com.hybrid.testBase.TestBase">
    <skipped/>
  </testcase> <!-- @BeforeMethod beforemethod -->
  <testcase name="@AfterMethod aftermethod" time="0.0" classname="com.hybrid.testBase.TestBase">
    <skipped/>
  </testcase> <!-- @AfterMethod aftermethod -->
  <testcase name="@BeforeMethod beforemethod" time="0.0" classname="com.hybrid.testBase.TestBase">
    <skipped/>
  </testcase> <!-- @BeforeMethod beforemethod -->
  <testcase name="@AfterMethod aftermethod" time="0.0" classname="com.hybrid.testBase.TestBase">
    <skipped/>
  </testcase> <!-- @AfterMethod aftermethod -->
  <testcase name="@BeforeMethod beforemethod" time="0.0" classname="com.hybrid.testBase.TestBase">
    <skipped/>
  </testcase> <!-- @BeforeMethod beforemethod -->
  <testcase name="@AfterMethod aftermethod" time="0.0" classname="com.hybrid.testBase.TestBase">
    <skipped/>
  </testcase> <!-- @AfterMethod aftermethod -->
  <testcase name="@BeforeMethod beforemethod" time="0.0" classname="com.hybrid.testBase.TestBase">
    <skipped/>
  </testcase> <!-- @BeforeMethod beforemethod -->
  <testcase name="@AfterMethod aftermethod" time="0.0" classname="com.hybrid.testBase.TestBase">
    <skipped/>
  </testcase> <!-- @AfterMethod aftermethod -->
  <testcase name="@BeforeMethod beforemethod" time="0.0" classname="com.hybrid.testBase.TestBase">
    <skipped/>
  </testcase> <!-- @BeforeMethod beforemethod -->
  <testcase name="@AfterMethod aftermethod" time="0.0" classname="com.hybrid.testBase.TestBase">
    <skipped/>
  </testcase> <!-- @AfterMethod aftermethod -->
  <testcase name="@BeforeMethod beforemethod" time="0.0" classname="com.hybrid.testBase.TestBase">
    <skipped/>
  </testcase> <!-- @BeforeMethod beforemethod -->
  <testcase name="@AfterMethod aftermethod" time="0.0" classname="com.hybrid.testBase.TestBase">
    <skipped/>
  </testcase> <!-- @AfterMethod aftermethod -->
  <testcase name="@BeforeMethod beforemethod" time="0.0" classname="com.hybrid.testBase.TestBase">
    <skipped/>
  </testcase> <!-- @BeforeMethod beforemethod -->
  <testcase name="@AfterMethod aftermethod" time="0.0" classname="com.hybrid.testBase.TestBase">
    <skipped/>
  </testcase> <!-- @AfterMethod aftermethod -->
  <testcase name="@BeforeMethod beforemethod" time="0.0" classname="com.hybrid.testBase.TestBase">
    <skipped/>
  </testcase> <!-- @BeforeMethod beforemethod -->
  <testcase name="@AfterMethod aftermethod" time="0.0" classname="com.hybrid.testBase.TestBase">
    <skipped/>
  </testcase> <!-- @AfterMethod aftermethod -->
  <testcase name="@BeforeMethod beforemethod" time="0.0" classname="com.hybrid.testBase.TestBase">
    <skipped/>
  </testcase> <!-- @BeforeMethod beforemethod -->
  <testcase name="@AfterMethod aftermethod" time="0.0" classname="com.hybrid.testBase.TestBase">
    <skipped/>
  </testcase> <!-- @AfterMethod aftermethod -->
  <testcase name="@BeforeMethod beforemethod" time="0.0" classname="com.hybrid.testBase.TestBase">
    <skipped/>
  </testcase> <!-- @BeforeMethod beforemethod -->
  <testcase name="@AfterMethod aftermethod" time="0.0" classname="com.hybrid.testBase.TestBase">
    <skipped/>
  </testcase> <!-- @AfterMethod aftermethod -->
  <testcase name="@BeforeMethod beforemethod" time="0.0" classname="com.hybrid.testBase.TestBase">
    <skipped/>
  </testcase> <!-- @BeforeMethod beforemethod -->
  <testcase name="@AfterMethod aftermethod" time="0.0" classname="com.hybrid.testBase.TestBase">
    <skipped/>
  </testcase> <!-- @AfterMethod aftermethod -->
  <testcase name="@BeforeMethod beforemethod" time="0.0" classname="com.hybrid.testBase.TestBase">
    <skipped/>
  </testcase> <!-- @BeforeMethod beforemethod -->
  <testcase name="@AfterMethod aftermethod" time="0.0" classname="com.hybrid.testBase.TestBase">
    <skipped/>
  </testcase> <!-- @AfterMethod aftermethod -->
  <testcase name="@BeforeMethod beforemethod" time="0.0" classname="com.hybrid.testBase.TestBase">
    <skipped/>
  </testcase> <!-- @BeforeMethod beforemethod -->
  <testcase name="@AfterMethod aftermethod" time="0.0" classname="com.hybrid.testBase.TestBase">
    <skipped/>
  </testcase> <!-- @AfterMethod aftermethod -->
  <testcase name="@BeforeMethod beforemethod" time="0.0" classname="com.hybrid.testBase.TestBase">
    <skipped/>
  </testcase> <!-- @BeforeMethod beforemethod -->
  <testcase name="@AfterMethod aftermethod" time="0.0" classname="com.hybrid.testBase.TestBase">
    <skipped/>
  </testcase> <!-- @AfterMethod aftermethod -->
  <testcase name="@BeforeMethod beforemethod" time="0.0" classname="com.hybrid.testBase.TestBase">
    <skipped/>
  </testcase> <!-- @BeforeMethod beforemethod -->
  <testcase name="@AfterMethod aftermethod" time="0.0" classname="com.hybrid.testBase.TestBase">
    <skipped/>
  </testcase> <!-- @AfterMethod aftermethod -->
  <testcase name="@BeforeMethod beforemethod" time="0.0" classname="com.hybrid.testBase.TestBase">
    <skipped/>
  </testcase> <!-- @BeforeMethod beforemethod -->
  <testcase name="@AfterMethod aftermethod" time="0.0" classname="com.hybrid.testBase.TestBase">
    <skipped/>
  </testcase> <!-- @AfterMethod aftermethod -->
  <testcase name="@BeforeMethod beforemethod" time="0.0" classname="com.hybrid.testBase.TestBase">
    <skipped/>
  </testcase> <!-- @BeforeMethod beforemethod -->
  <testcase name="@AfterMethod aftermethod" time="0.0" classname="com.hybrid.testBase.TestBase">
    <skipped/>
  </testcase> <!-- @AfterMethod aftermethod -->
  <testcase name="@BeforeMethod beforemethod" time="0.0" classname="com.hybrid.testBase.TestBase">
    <skipped/>
  </testcase> <!-- @BeforeMethod beforemethod -->
  <testcase name="@AfterMethod aftermethod" time="0.0" classname="com.hybrid.testBase.TestBase">
    <skipped/>
  </testcase> <!-- @AfterMethod aftermethod -->
  <testcase name="@BeforeMethod beforemethod" time="0.0" classname="com.hybrid.testBase.TestBase">
    <skipped/>
  </testcase> <!-- @BeforeMethod beforemethod -->
  <testcase name="@AfterMethod aftermethod" time="0.0" classname="com.hybrid.testBase.TestBase">
    <skipped/>
  </testcase> <!-- @AfterMethod aftermethod -->
  <testcase name="@BeforeMethod beforemethod" time="0.0" classname="com.hybrid.testBase.TestBase">
    <skipped/>
  </testcase> <!-- @BeforeMethod beforemethod -->
  <testcase name="@AfterMethod aftermethod" time="0.0" classname="com.hybrid.testBase.TestBase">
    <skipped/>
  </testcase> <!-- @AfterMethod aftermethod -->
  <testcase name="@BeforeMethod beforemethod" time="0.0" classname="com.hybrid.testBase.TestBase">
    <skipped/>
  </testcase> <!-- @BeforeMethod beforemethod -->
  <testcase name="@AfterMethod aftermethod" time="0.0" classname="com.hybrid.testBase.TestBase">
    <skipped/>
  </testcase> <!-- @AfterMethod aftermethod -->
  <testcase name="@BeforeMethod beforemethod" time="0.0" classname="com.hybrid.testBase.TestBase">
    <skipped/>
  </testcase> <!-- @BeforeMethod beforemethod -->
  <testcase name="@AfterMethod aftermethod" time="0.0" classname="com.hybrid.testBase.TestBase">
    <skipped/>
  </testcase> <!-- @AfterMethod aftermethod -->
  <testcase name="@BeforeMethod beforemethod" time="0.0" classname="com.hybrid.testBase.TestBase">
    <skipped/>
  </testcase> <!-- @BeforeMethod beforemethod -->
  <testcase name="@AfterMethod aftermethod" time="0.0" classname="com.hybrid.testBase.TestBase">
    <skipped/>
  </testcase> <!-- @AfterMethod aftermethod -->
  <testcase name="@BeforeMethod beforemethod" time="0.0" classname="com.hybrid.testBase.TestBase">
    <skipped/>
  </testcase> <!-- @BeforeMethod beforemethod -->
  <testcase name="@AfterMethod aftermethod" time="0.0" classname="com.hybrid.testBase.TestBase">
    <skipped/>
  </testcase> <!-- @AfterMethod aftermethod -->
  <testcase name="@BeforeMethod beforemethod" time="0.0" classname="com.hybrid.testBase.TestBase">
    <skipped/>
  </testcase> <!-- @BeforeMethod beforemethod -->
  <testcase name="@AfterMethod aftermethod" time="0.0" classname="com.hybrid.testBase.TestBase">
    <skipped/>
  </testcase> <!-- @AfterMethod aftermethod -->
  <testcase name="@BeforeMethod beforemethod" time="0.0" classname="com.hybrid.testBase.TestBase">
    <skipped/>
  </testcase> <!-- @BeforeMethod beforemethod -->
  <testcase name="@AfterMethod aftermethod" time="0.0" classname="com.hybrid.testBase.TestBase">
    <skipped/>
  </testcase> <!-- @AfterMethod aftermethod -->
  <testcase name="@BeforeMethod beforemethod" time="0.0" classname="com.hybrid.testBase.TestBase">
    <skipped/>
  </testcase> <!-- @BeforeMethod beforemethod -->
  <testcase name="@AfterMethod aftermethod" time="0.0" classname="com.hybrid.testBase.TestBase">
    <skipped/>
  </testcase> <!-- @AfterMethod aftermethod -->
  <testcase name="@BeforeMethod beforemethod" time="0.0" classname="com.hybrid.testBase.TestBase">
    <skipped/>
  </testcase> <!-- @BeforeMethod beforemethod -->
  <testcase name="@AfterMethod aftermethod" time="0.0" classname="com.hybrid.testBase.TestBase">
    <skipped/>
  </testcase> <!-- @AfterMethod aftermethod -->
  <testcase name="@BeforeMethod beforemethod" time="0.0" classname="com.hybrid.testBase.TestBase">
    <skipped/>
  </testcase> <!-- @BeforeMethod beforemethod -->
  <testcase name="@AfterMethod aftermethod" time="0.0" classname="com.hybrid.testBase.TestBase">
    <skipped/>
  </testcase> <!-- @AfterMethod aftermethod -->
  <testcase name="@BeforeMethod beforemethod" time="0.0" classname="com.hybrid.testBase.TestBase">
    <skipped/>
  </testcase> <!-- @BeforeMethod beforemethod -->
  <testcase name="@AfterMethod aftermethod" time="0.0" classname="com.hybrid.testBase.TestBase">
    <skipped/>
  </testcase> <!-- @AfterMethod aftermethod -->
  <testcase name="@BeforeMethod beforemethod" time="0.0" classname="com.hybrid.testBase.TestBase">
    <skipped/>
  </testcase> <!-- @BeforeMethod beforemethod -->
  <testcase name="@AfterMethod aftermethod" time="0.0" classname="com.hybrid.testBase.TestBase">
    <skipped/>
  </testcase> <!-- @AfterMethod aftermethod -->
  <testcase name="@BeforeMethod beforemethod" time="0.0" classname="com.hybrid.testBase.TestBase">
    <skipped/>
  </testcase> <!-- @BeforeMethod beforemethod -->
  <testcase name="@AfterMethod aftermethod" time="0.0" classname="com.hybrid.testBase.TestBase">
    <skipped/>
  </testcase> <!-- @AfterMethod aftermethod -->
  <testcase name="@BeforeMethod beforemethod" time="0.0" classname="com.hybrid.testBase.TestBase">
    <skipped/>
  </testcase> <!-- @BeforeMethod beforemethod -->
  <testcase name="@AfterMethod aftermethod" time="0.0" classname="com.hybrid.testBase.TestBase">
    <skipped/>
  </testcase> <!-- @AfterMethod aftermethod -->
  <testcase name="@BeforeMethod beforemethod" time="0.0" classname="com.hybrid.testBase.TestBase">
    <skipped/>
  </testcase> <!-- @BeforeMethod beforemethod -->
  <testcase name="@AfterMethod aftermethod" time="0.0" classname="com.hybrid.testBase.TestBase">
    <skipped/>
  </testcase> <!-- @AfterMethod aftermethod -->
  <testcase name="@BeforeMethod beforemethod" time="0.0" classname="com.hybrid.testBase.TestBase">
    <skipped/>
  </testcase> <!-- @BeforeMethod beforemethod -->
  <testcase name="@AfterMethod aftermethod" time="0.0" classname="com.hybrid.testBase.TestBase">
    <skipped/>
  </testcase> <!-- @AfterMethod aftermethod -->
  <testcase name="@BeforeMethod beforemethod" time="0.0" classname="com.hybrid.testBase.TestBase">
    <skipped/>
  </testcase> <!-- @BeforeMethod beforemethod -->
  <testcase name="@AfterMethod aftermethod" time="0.0" classname="com.hybrid.testBase.TestBase">
    <skipped/>
  </testcase> <!-- @AfterMethod aftermethod -->
  <testcase name="@BeforeMethod beforemethod" time="0.0" classname="com.hybrid.testBase.TestBase">
    <skipped/>
  </testcase> <!-- @BeforeMethod beforemethod -->
  <testcase name="@AfterMethod aftermethod" time="0.0" classname="com.hybrid.testBase.TestBase">
    <skipped/>
  </testcase> <!-- @AfterMethod aftermethod -->
  <testcase name="@BeforeMethod beforemethod" time="0.0" classname="com.hybrid.testBase.TestBase">
    <skipped/>
  </testcase> <!-- @BeforeMethod beforemethod -->
  <testcase name="@AfterMethod aftermethod" time="0.0" classname="com.hybrid.testBase.TestBase">
    <skipped/>
  </testcase> <!-- @AfterMethod aftermethod -->
  <testcase name="@BeforeMethod beforemethod" time="0.0" classname="com.hybrid.testBase.TestBase">
    <skipped/>
  </testcase> <!-- @BeforeMethod beforemethod -->
  <testcase name="@AfterMethod aftermethod" time="0.0" classname="com.hybrid.testBase.TestBase">
    <skipped/>
  </testcase> <!-- @AfterMethod aftermethod -->
  <testcase name="@BeforeMethod beforemethod" time="0.0" classname="com.hybrid.testBase.TestBase">
    <skipped/>
  </testcase> <!-- @BeforeMethod beforemethod -->
  <testcase name="@AfterMethod aftermethod" time="0.0" classname="com.hybrid.testBase.TestBase">
    <skipped/>
  </testcase> <!-- @AfterMethod aftermethod -->
  <testcase name="@BeforeMethod beforemethod" time="0.0" classname="com.hybrid.testBase.TestBase">
    <skipped/>
  </testcase> <!-- @BeforeMethod beforemethod -->
  <testcase name="@AfterMethod aftermethod" time="0.0" classname="com.hybrid.testBase.TestBase">
    <skipped/>
  </testcase> <!-- @AfterMethod aftermethod -->
  <testcase name="@BeforeMethod beforemethod" time="0.0" classname="com.hybrid.testBase.TestBase">
    <skipped/>
  </testcase> <!-- @BeforeMethod beforemethod -->
  <testcase name="@AfterMethod aftermethod" time="0.0" classname="com.hybrid.testBase.TestBase">
    <skipped/>
  </testcase> <!-- @AfterMethod aftermethod -->
  <testcase name="@BeforeMethod beforemethod" time="0.0" classname="com.hybrid.testBase.TestBase">
    <skipped/>
  </testcase> <!-- @BeforeMethod beforemethod -->
  <testcase name="@AfterMethod aftermethod" time="0.0" classname="com.hybrid.testBase.TestBase">
    <skipped/>
  </testcase> <!-- @AfterMethod aftermethod -->
  <testcase name="@BeforeMethod beforemethod" time="0.0" classname="com.hybrid.testBase.TestBase">
    <skipped/>
  </testcase> <!-- @BeforeMethod beforemethod -->
  <testcase name="@AfterMethod aftermethod" time="0.0" classname="com.hybrid.testBase.TestBase">
    <skipped/>
  </testcase> <!-- @AfterMethod aftermethod -->
  <testcase name="@BeforeMethod beforemethod" time="0.0" classname="com.hybrid.testBase.TestBase">
    <skipped/>
  </testcase> <!-- @BeforeMethod beforemethod -->
  <testcase name="@AfterMethod aftermethod" time="0.0" classname="com.hybrid.testBase.TestBase">
    <skipped/>
  </testcase> <!-- @AfterMethod aftermethod -->
  <testcase name="@BeforeMethod beforemethod" time="0.0" classname="com.hybrid.testBase.TestBase">
    <skipped/>
  </testcase> <!-- @BeforeMethod beforemethod -->
  <testcase name="@AfterMethod aftermethod" time="0.0" classname="com.hybrid.testBase.TestBase">
    <skipped/>
  </testcase> <!-- @AfterMethod aftermethod -->
  <testcase name="@BeforeMethod beforemethod" time="0.0" classname="com.hybrid.testBase.TestBase">
    <skipped/>
  </testcase> <!-- @BeforeMethod beforemethod -->
  <testcase name="@AfterMethod aftermethod" time="0.0" classname="com.hybrid.testBase.TestBase">
    <skipped/>
  </testcase> <!-- @AfterMethod aftermethod -->
  <testcase name="@BeforeMethod beforemethod" time="0.0" classname="com.hybrid.testBase.TestBase">
    <skipped/>
  </testcase> <!-- @BeforeMethod beforemethod -->
  <testcase name="@AfterMethod aftermethod" time="0.0" classname="com.hybrid.testBase.TestBase">
    <skipped/>
  </testcase> <!-- @AfterMethod aftermethod -->
  <testcase name="@BeforeMethod beforemethod" time="0.0" classname="com.hybrid.testBase.TestBase">
    <skipped/>
  </testcase> <!-- @BeforeMethod beforemethod -->
  <testcase name="@AfterMethod aftermethod" time="0.0" classname="com.hybrid.testBase.TestBase">
    <skipped/>
  </testcase> <!-- @AfterMethod aftermethod -->
  <testcase name="@BeforeMethod beforemethod" time="0.0" classname="com.hybrid.testBase.TestBase">
    <skipped/>
  </testcase> <!-- @BeforeMethod beforemethod -->
  <testcase name="@AfterMethod aftermethod" time="0.0" classname="com.hybrid.testBase.TestBase">
    <skipped/>
  </testcase> <!-- @AfterMethod aftermethod -->
  <testcase name="@BeforeMethod beforemethod" time="0.0" classname="com.hybrid.testBase.TestBase">
    <skipped/>
  </testcase> <!-- @BeforeMethod beforemethod -->
  <testcase name="@AfterMethod aftermethod" time="0.0" classname="com.hybrid.testBase.TestBase">
    <skipped/>
  </testcase> <!-- @AfterMethod aftermethod -->
  <testcase name="@BeforeMethod beforemethod" time="0.0" classname="com.hybrid.testBase.TestBase">
    <skipped/>
  </testcase> <!-- @BeforeMethod beforemethod -->
  <testcase name="@AfterMethod aftermethod" time="0.0" classname="com.hybrid.testBase.TestBase">
    <skipped/>
  </testcase> <!-- @AfterMethod aftermethod -->
  <testcase name="@BeforeMethod beforemethod" time="0.0" classname="com.hybrid.testBase.TestBase">
    <skipped/>
  </testcase> <!-- @BeforeMethod beforemethod -->
  <testcase name="@AfterMethod aftermethod" time="0.0" classname="com.hybrid.testBase.TestBase">
    <skipped/>
  </testcase> <!-- @AfterMethod aftermethod -->
  <testcase name="@BeforeMethod beforemethod" time="0.0" classname="com.hybrid.testBase.TestBase">
    <skipped/>
  </testcase> <!-- @BeforeMethod beforemethod -->
  <testcase name="@AfterMethod aftermethod" time="0.0" classname="com.hybrid.testBase.TestBase">
    <skipped/>
  </testcase> <!-- @AfterMethod aftermethod -->
  <testcase name="@BeforeMethod beforemethod" time="0.0" classname="com.hybrid.testBase.TestBase">
    <skipped/>
  </testcase> <!-- @BeforeMethod beforemethod -->
  <testcase name="@AfterMethod aftermethod" time="0.0" classname="com.hybrid.testBase.TestBase">
    <skipped/>
  </testcase> <!-- @AfterMethod aftermethod -->
  <testcase name="@BeforeMethod beforemethod" time="0.0" classname="com.hybrid.testBase.TestBase">
    <skipped/>
  </testcase> <!-- @BeforeMethod beforemethod -->
  <testcase name="@AfterMethod aftermethod" time="0.0" classname="com.hybrid.testBase.TestBase">
    <skipped/>
  </testcase> <!-- @AfterMethod aftermethod -->
  <testcase name="@BeforeMethod beforemethod" time="0.0" classname="com.hybrid.testBase.TestBase">
    <skipped/>
  </testcase> <!-- @BeforeMethod beforemethod -->
  <testcase name="@AfterMethod aftermethod" time="0.0" classname="com.hybrid.testBase.TestBase">
    <skipped/>
  </testcase> <!-- @AfterMethod aftermethod -->
  <testcase name="@BeforeMethod beforemethod" time="0.0" classname="com.hybrid.testBase.TestBase">
    <skipped/>
  </testcase> <!-- @BeforeMethod beforemethod -->
  <testcase name="@AfterMethod aftermethod" time="0.0" classname="com.hybrid.testBase.TestBase">
    <skipped/>
  </testcase> <!-- @AfterMethod aftermethod -->
  <testcase name="@BeforeMethod beforemethod" time="0.0" classname="com.hybrid.testBase.TestBase">
    <skipped/>
  </testcase> <!-- @BeforeMethod beforemethod -->
  <testcase name="@AfterMethod aftermethod" time="0.0" classname="com.hybrid.testBase.TestBase">
    <skipped/>
  </testcase> <!-- @AfterMethod aftermethod -->
  <testcase name="@BeforeMethod beforemethod" time="0.0" classname="com.hybrid.testBase.TestBase">
    <skipped/>
  </testcase> <!-- @BeforeMethod beforemethod -->
  <testcase name="@AfterMethod aftermethod" time="0.0" classname="com.hybrid.testBase.TestBase">
    <skipped/>
  </testcase> <!-- @AfterMethod aftermethod -->
  <testcase name="@BeforeMethod beforemethod" time="0.0" classname="com.hybrid.testBase.TestBase">
    <skipped/>
  </testcase> <!-- @BeforeMethod beforemethod -->
  <testcase name="@AfterMethod aftermethod" time="0.0" classname="com.hybrid.testBase.TestBase">
    <skipped/>
  </testcase> <!-- @AfterMethod aftermethod -->
  <testcase name="@BeforeMethod beforemethod" time="0.0" classname="com.hybrid.testBase.TestBase">
    <skipped/>
  </testcase> <!-- @BeforeMethod beforemethod -->
  <testcase name="@AfterMethod aftermethod" time="0.0" classname="com.hybrid.testBase.TestBase">
    <skipped/>
  </testcase> <!-- @AfterMethod aftermethod -->
  <testcase name="@BeforeMethod beforemethod" time="0.0" classname="com.hybrid.testBase.TestBase">
    <skipped/>
  </testcase> <!-- @BeforeMethod beforemethod -->
  <testcase name="@AfterMethod aftermethod" time="0.0" classname="com.hybrid.testBase.TestBase">
    <skipped/>
  </testcase> <!-- @AfterMethod aftermethod -->
  <testcase name="@BeforeMethod beforemethod" time="0.0" classname="com.hybrid.testBase.TestBase">
    <skipped/>
  </testcase> <!-- @BeforeMethod beforemethod -->
  <testcase name="@AfterMethod aftermethod" time="0.0" classname="com.hybrid.testBase.TestBase">
    <skipped/>
  </testcase> <!-- @AfterMethod aftermethod -->
  <testcase name="@BeforeMethod beforemethod" time="0.0" classname="com.hybrid.testBase.TestBase">
    <skipped/>
  </testcase> <!-- @BeforeMethod beforemethod -->
  <testcase name="@AfterMethod aftermethod" time="0.0" classname="com.hybrid.testBase.TestBase">
    <skipped/>
  </testcase> <!-- @AfterMethod aftermethod -->
  <testcase name="@BeforeMethod beforemethod" time="0.0" classname="com.hybrid.testBase.TestBase">
    <skipped/>
  </testcase> <!-- @BeforeMethod beforemethod -->
  <testcase name="@AfterMethod aftermethod" time="0.0" classname="com.hybrid.testBase.TestBase">
    <skipped/>
  </testcase> <!-- @AfterMethod aftermethod -->
  <testcase name="@BeforeMethod beforemethod" time="0.0" classname="com.hybrid.testBase.TestBase">
    <skipped/>
  </testcase> <!-- @BeforeMethod beforemethod -->
  <testcase name="@AfterMethod aftermethod" time="0.0" classname="com.hybrid.testBase.TestBase">
    <skipped/>
  </testcase> <!-- @AfterMethod aftermethod -->
  <testcase name="@BeforeMethod beforemethod" time="0.0" classname="com.hybrid.testBase.TestBase">
    <skipped/>
  </testcase> <!-- @BeforeMethod beforemethod -->
  <testcase name="@AfterMethod aftermethod" time="0.0" classname="com.hybrid.testBase.TestBase">
    <skipped/>
  </testcase> <!-- @AfterMethod aftermethod -->
  <testcase name="@BeforeMethod beforemethod" time="0.0" classname="com.hybrid.testBase.TestBase">
    <skipped/>
  </testcase> <!-- @BeforeMethod beforemethod -->
  <testcase name="@AfterMethod aftermethod" time="0.0" classname="com.hybrid.testBase.TestBase">
    <skipped/>
  </testcase> <!-- @AfterMethod aftermethod -->
  <testcase name="@BeforeMethod beforemethod" time="0.0" classname="com.hybrid.testBase.TestBase">
    <skipped/>
  </testcase> <!-- @BeforeMethod beforemethod -->
  <testcase name="@AfterMethod aftermethod" time="0.0" classname="com.hybrid.testBase.TestBase">
    <skipped/>
  </testcase> <!-- @AfterMethod aftermethod -->
  <testcase name="@BeforeMethod beforemethod" time="0.0" classname="com.hybrid.testBase.TestBase">
    <skipped/>
  </testcase> <!-- @BeforeMethod beforemethod -->
  <testcase name="@AfterMethod aftermethod" time="0.0" classname="com.hybrid.testBase.TestBase">
    <skipped/>
  </testcase> <!-- @AfterMethod aftermethod -->
  <testcase name="@BeforeMethod beforemethod" time="0.0" classname="com.hybrid.testBase.TestBase">
    <skipped/>
  </testcase> <!-- @BeforeMethod beforemethod -->
  <testcase name="@AfterMethod aftermethod" time="0.0" classname="com.hybrid.testBase.TestBase">
    <skipped/>
  </testcase> <!-- @AfterMethod aftermethod -->
  <testcase name="@BeforeMethod beforemethod" time="0.0" classname="com.hybrid.testBase.TestBase">
    <skipped/>
  </testcase> <!-- @BeforeMethod beforemethod -->
  <testcase name="@AfterMethod aftermethod" time="0.0" classname="com.hybrid.testBase.TestBase">
    <skipped/>
  </testcase> <!-- @AfterMethod aftermethod -->
  <testcase name="@BeforeMethod beforemethod" time="0.0" classname="com.hybrid.testBase.TestBase">
    <skipped/>
  </testcase> <!-- @BeforeMethod beforemethod -->
  <testcase name="@AfterMethod aftermethod" time="0.0" classname="com.hybrid.testBase.TestBase">
    <skipped/>
  </testcase> <!-- @AfterMethod aftermethod -->
  <testcase name="@BeforeMethod beforemethod" time="0.0" classname="com.hybrid.testBase.TestBase">
    <skipped/>
  </testcase> <!-- @BeforeMethod beforemethod -->
  <testcase name="@AfterMethod aftermethod" time="0.0" classname="com.hybrid.testBase.TestBase">
    <skipped/>
  </testcase> <!-- @AfterMethod aftermethod -->
  <testcase name="@BeforeMethod beforemethod" time="0.0" classname="com.hybrid.testBase.TestBase">
    <skipped/>
  </testcase> <!-- @BeforeMethod beforemethod -->
  <testcase name="@AfterMethod aftermethod" time="0.0" classname="com.hybrid.testBase.TestBase">
    <skipped/>
  </testcase> <!-- @AfterMethod aftermethod -->
  <testcase name="@BeforeMethod beforemethod" time="0.0" classname="com.hybrid.testBase.TestBase">
    <skipped/>
  </testcase> <!-- @BeforeMethod beforemethod -->
  <testcase name="@AfterMethod aftermethod" time="0.0" classname="com.hybrid.testBase.TestBase">
    <skipped/>
  </testcase> <!-- @AfterMethod aftermethod -->
  <testcase name="@BeforeMethod beforemethod" time="0.0" classname="com.hybrid.testBase.TestBase">
    <skipped/>
  </testcase> <!-- @BeforeMethod beforemethod -->
  <testcase name="@AfterMethod aftermethod" time="0.0" classname="com.hybrid.testBase.TestBase">
    <skipped/>
  </testcase> <!-- @AfterMethod aftermethod -->
  <testcase name="@BeforeMethod beforemethod" time="0.0" classname="com.hybrid.testBase.TestBase">
    <skipped/>
  </testcase> <!-- @BeforeMethod beforemethod -->
  <testcase name="@AfterMethod aftermethod" time="0.0" classname="com.hybrid.testBase.TestBase">
    <skipped/>
  </testcase> <!-- @AfterMethod aftermethod -->
  <testcase name="@BeforeMethod beforemethod" time="0.0" classname="com.hybrid.testBase.TestBase">
    <skipped/>
  </testcase> <!-- @BeforeMethod beforemethod -->
  <testcase name="@AfterMethod aftermethod" time="0.0" classname="com.hybrid.testBase.TestBase">
    <skipped/>
  </testcase> <!-- @AfterMethod aftermethod -->
  <testcase name="@BeforeMethod beforemethod" time="0.0" classname="com.hybrid.testBase.TestBase">
    <skipped/>
  </testcase> <!-- @BeforeMethod beforemethod -->
  <testcase name="@AfterMethod aftermethod" time="0.0" classname="com.hybrid.testBase.TestBase">
    <skipped/>
  </testcase> <!-- @AfterMethod aftermethod -->
  <testcase name="@BeforeMethod beforemethod" time="0.0" classname="com.hybrid.testBase.TestBase">
    <skipped/>
  </testcase> <!-- @BeforeMethod beforemethod -->
  <testcase name="@AfterMethod aftermethod" time="0.0" classname="com.hybrid.testBase.TestBase">
    <skipped/>
  </testcase> <!-- @AfterMethod aftermethod -->
  <testcase name="@BeforeMethod beforemethod" time="0.0" classname="com.hybrid.testBase.TestBase">
    <skipped/>
  </testcase> <!-- @BeforeMethod beforemethod -->
  <testcase name="@AfterMethod aftermethod" time="0.0" classname="com.hybrid.testBase.TestBase">
    <skipped/>
  </testcase> <!-- @AfterMethod aftermethod -->
  <testcase name="@BeforeMethod beforemethod" time="0.0" classname="com.hybrid.testBase.TestBase">
    <skipped/>
  </testcase> <!-- @BeforeMethod beforemethod -->
  <testcase name="@AfterMethod aftermethod" time="0.0" classname="com.hybrid.testBase.TestBase">
    <skipped/>
  </testcase> <!-- @AfterMethod aftermethod -->
  <testcase name="@BeforeMethod beforemethod" time="0.0" classname="com.hybrid.testBase.TestBase">
    <skipped/>
  </testcase> <!-- @BeforeMethod beforemethod -->
  <testcase name="@AfterMethod aftermethod" time="0.0" classname="com.hybrid.testBase.TestBase">
    <skipped/>
  </testcase> <!-- @AfterMethod aftermethod -->
  <testcase name="@BeforeMethod beforemethod" time="0.0" classname="com.hybrid.testBase.TestBase">
    <skipped/>
  </testcase> <!-- @BeforeMethod beforemethod -->
  <testcase name="@AfterMethod aftermethod" time="0.0" classname="com.hybrid.testBase.TestBase">
    <skipped/>
  </testcase> <!-- @AfterMethod aftermethod -->
  <testcase name="@BeforeMethod beforemethod" time="0.0" classname="com.hybrid.testBase.TestBase">
    <skipped/>
  </testcase> <!-- @BeforeMethod beforemethod -->
  <testcase name="@AfterMethod aftermethod" time="0.0" classname="com.hybrid.testBase.TestBase">
    <skipped/>
  </testcase> <!-- @AfterMethod aftermethod -->
  <testcase name="@BeforeMethod beforemethod" time="0.0" classname="com.hybrid.testBase.TestBase">
    <skipped/>
  </testcase> <!-- @BeforeMethod beforemethod -->
  <testcase name="@AfterMethod aftermethod" time="0.0" classname="com.hybrid.testBase.TestBase">
    <skipped/>
  </testcase> <!-- @AfterMethod aftermethod -->
  <testcase name="@BeforeMethod beforemethod" time="0.0" classname="com.hybrid.testBase.TestBase">
    <skipped/>
  </testcase> <!-- @BeforeMethod beforemethod -->
  <testcase name="@AfterMethod aftermethod" time="0.0" classname="com.hybrid.testBase.TestBase">
    <skipped/>
  </testcase> <!-- @AfterMethod aftermethod -->
  <testcase name="@BeforeMethod beforemethod" time="0.0" classname="com.hybrid.testBase.TestBase">
    <skipped/>
  </testcase> <!-- @BeforeMethod beforemethod -->
  <testcase name="@AfterMethod aftermethod" time="0.0" classname="com.hybrid.testBase.TestBase">
    <skipped/>
  </testcase> <!-- @AfterMethod aftermethod -->
  <testcase name="@BeforeMethod beforemethod" time="0.0" classname="com.hybrid.testBase.TestBase">
    <skipped/>
  </testcase> <!-- @BeforeMethod beforemethod -->
  <testcase name="@AfterMethod aftermethod" time="0.0" classname="com.hybrid.testBase.TestBase">
    <skipped/>
  </testcase> <!-- @AfterMethod aftermethod -->
  <testcase name="@BeforeMethod beforemethod" time="0.0" classname="com.hybrid.testBase.TestBase">
    <skipped/>
  </testcase> <!-- @BeforeMethod beforemethod -->
  <testcase name="@AfterMethod aftermethod" time="0.0" classname="com.hybrid.testBase.TestBase">
    <skipped/>
  </testcase> <!-- @AfterMethod aftermethod -->
  <testcase name="@BeforeMethod beforemethod" time="0.0" classname="com.hybrid.testBase.TestBase">
    <skipped/>
  </testcase> <!-- @BeforeMethod beforemethod -->
  <testcase name="@AfterMethod aftermethod" time="0.0" classname="com.hybrid.testBase.TestBase">
    <skipped/>
  </testcase> <!-- @AfterMethod aftermethod -->
  <testcase name="@BeforeMethod beforemethod" time="0.0" classname="com.hybrid.testBase.TestBase">
    <skipped/>
  </testcase> <!-- @BeforeMethod beforemethod -->
  <testcase name="@AfterMethod aftermethod" time="0.0" classname="com.hybrid.testBase.TestBase">
    <skipped/>
  </testcase> <!-- @AfterMethod aftermethod -->
  <testcase name="@BeforeMethod beforemethod" time="0.0" classname="com.hybrid.testBase.TestBase">
    <skipped/>
  </testcase> <!-- @BeforeMethod beforemethod -->
  <testcase name="@AfterMethod aftermethod" time="0.0" classname="com.hybrid.testBase.TestBase">
    <skipped/>
  </testcase> <!-- @AfterMethod aftermethod -->
  <testcase name="@BeforeMethod beforemethod" time="0.0" classname="com.hybrid.testBase.TestBase">
    <skipped/>
  </testcase> <!-- @BeforeMethod beforemethod -->
  <testcase name="@AfterMethod aftermethod" time="0.0" classname="com.hybrid.testBase.TestBase">
    <skipped/>
  </testcase> <!-- @AfterMethod aftermethod -->
  <testcase name="@BeforeMethod beforemethod" time="0.0" classname="com.hybrid.testBase.TestBase">
    <skipped/>
  </testcase> <!-- @BeforeMethod beforemethod -->
  <testcase name="@AfterMethod aftermethod" time="0.0" classname="com.hybrid.testBase.TestBase">
    <skipped/>
  </testcase> <!-- @AfterMethod aftermethod -->
  <testcase name="@BeforeMethod beforemethod" time="0.0" classname="com.hybrid.testBase.TestBase">
    <skipped/>
  </testcase> <!-- @BeforeMethod beforemethod -->
  <testcase name="@AfterMethod aftermethod" time="0.0" classname="com.hybrid.testBase.TestBase">
    <skipped/>
  </testcase> <!-- @AfterMethod aftermethod -->
  <testcase name="@BeforeMethod beforemethod" time="0.0" classname="com.hybrid.testBase.TestBase">
    <skipped/>
  </testcase> <!-- @BeforeMethod beforemethod -->
  <testcase name="@AfterMethod aftermethod" time="0.0" classname="com.hybrid.testBase.TestBase">
    <skipped/>
  </testcase> <!-- @AfterMethod aftermethod -->
  <testcase name="@BeforeMethod beforemethod" time="0.0" classname="com.hybrid.testBase.TestBase">
    <skipped/>
  </testcase> <!-- @BeforeMethod beforemethod -->
  <testcase name="@AfterMethod aftermethod" time="0.0" classname="com.hybrid.testBase.TestBase">
    <skipped/>
  </testcase> <!-- @AfterMethod aftermethod -->
  <testcase name="@BeforeMethod beforemethod" time="0.0" classname="com.hybrid.testBase.TestBase">
    <skipped/>
  </testcase> <!-- @BeforeMethod beforemethod -->
  <testcase name="@AfterMethod aftermethod" time="0.0" classname="com.hybrid.testBase.TestBase">
    <skipped/>
  </testcase> <!-- @AfterMethod aftermethod -->
  <testcase name="@BeforeMethod beforemethod" time="0.0" classname="com.hybrid.testBase.TestBase">
    <skipped/>
  </testcase> <!-- @BeforeMethod beforemethod -->
  <testcase name="@AfterMethod aftermethod" time="0.0" classname="com.hybrid.testBase.TestBase">
    <skipped/>
  </testcase> <!-- @AfterMethod aftermethod -->
  <testcase name="@BeforeMethod beforemethod" time="0.0" classname="com.hybrid.testBase.TestBase">
    <skipped/>
  </testcase> <!-- @BeforeMethod beforemethod -->
  <testcase name="@AfterMethod aftermethod" time="0.0" classname="com.hybrid.testBase.TestBase">
    <skipped/>
  </testcase> <!-- @AfterMethod aftermethod -->
  <testcase name="@BeforeMethod beforemethod" time="0.0" classname="com.hybrid.testBase.TestBase">
    <skipped/>
  </testcase> <!-- @BeforeMethod beforemethod -->
  <testcase name="@AfterMethod aftermethod" time="0.0" classname="com.hybrid.testBase.TestBase">
    <skipped/>
  </testcase> <!-- @AfterMethod aftermethod -->
  <testcase name="@BeforeMethod beforemethod" time="0.0" classname="com.hybrid.testBase.TestBase">
    <skipped/>
  </testcase> <!-- @BeforeMethod beforemethod -->
  <testcase name="@AfterMethod aftermethod" time="0.0" classname="com.hybrid.testBase.TestBase">
    <skipped/>
  </testcase> <!-- @AfterMethod aftermethod -->
  <testcase name="@BeforeMethod beforemethod" time="0.0" classname="com.hybrid.testBase.TestBase">
    <skipped/>
  </testcase> <!-- @BeforeMethod beforemethod -->
  <testcase name="@AfterMethod aftermethod" time="0.0" classname="com.hybrid.testBase.TestBase">
    <skipped/>
  </testcase> <!-- @AfterMethod aftermethod -->
  <testcase name="@BeforeMethod beforemethod" time="0.0" classname="com.hybrid.testBase.TestBase">
    <skipped/>
  </testcase> <!-- @BeforeMethod beforemethod -->
  <testcase name="@AfterMethod aftermethod" time="0.0" classname="com.hybrid.testBase.TestBase">
    <skipped/>
  </testcase> <!-- @AfterMethod aftermethod -->
  <testcase name="@BeforeMethod beforemethod" time="0.0" classname="com.hybrid.testBase.TestBase">
    <skipped/>
  </testcase> <!-- @BeforeMethod beforemethod -->
  <testcase name="@AfterMethod aftermethod" time="0.0" classname="com.hybrid.testBase.TestBase">
    <skipped/>
  </testcase> <!-- @AfterMethod aftermethod -->
  <testcase name="@BeforeMethod beforemethod" time="0.0" classname="com.hybrid.testBase.TestBase">
    <skipped/>
  </testcase> <!-- @BeforeMethod beforemethod -->
  <testcase name="@AfterMethod aftermethod" time="0.0" classname="com.hybrid.testBase.TestBase">
    <skipped/>
  </testcase> <!-- @AfterMethod aftermethod -->
  <testcase name="@BeforeMethod beforemethod" time="0.0" classname="com.hybrid.testBase.TestBase">
    <skipped/>
  </testcase> <!-- @BeforeMethod beforemethod -->
  <testcase name="@AfterMethod aftermethod" time="0.0" classname="com.hybrid.testBase.TestBase">
    <skipped/>
  </testcase> <!-- @AfterMethod aftermethod -->
  <testcase name="@BeforeMethod beforemethod" time="0.0" classname="com.hybrid.testBase.TestBase">
    <skipped/>
  </testcase> <!-- @BeforeMethod beforemethod -->
  <testcase name="@AfterMethod aftermethod" time="0.0" classname="com.hybrid.testBase.TestBase">
    <skipped/>
  </testcase> <!-- @AfterMethod aftermethod -->
  <testcase name="@BeforeMethod beforemethod" time="0.0" classname="com.hybrid.testBase.TestBase">
    <skipped/>
  </testcase> <!-- @BeforeMethod beforemethod -->
  <testcase name="@AfterMethod aftermethod" time="0.0" classname="com.hybrid.testBase.TestBase">
    <skipped/>
  </testcase> <!-- @AfterMethod aftermethod -->
  <testcase name="@BeforeMethod beforemethod" time="0.0" classname="com.hybrid.testBase.TestBase">
    <skipped/>
  </testcase> <!-- @BeforeMethod beforemethod -->
  <testcase name="@AfterMethod aftermethod" time="0.0" classname="com.hybrid.testBase.TestBase">
    <skipped/>
  </testcase> <!-- @AfterMethod aftermethod -->
  <testcase name="@BeforeMethod beforemethod" time="0.0" classname="com.hybrid.testBase.TestBase">
    <skipped/>
  </testcase> <!-- @BeforeMethod beforemethod -->
  <testcase name="@AfterMethod aftermethod" time="0.0" classname="com.hybrid.testBase.TestBase">
    <skipped/>
  </testcase> <!-- @AfterMethod aftermethod -->
  <testcase name="@BeforeMethod beforemethod" time="0.0" classname="com.hybrid.testBase.TestBase">
    <skipped/>
  </testcase> <!-- @BeforeMethod beforemethod -->
  <testcase name="@AfterMethod aftermethod" time="0.0" classname="com.hybrid.testBase.TestBase">
    <skipped/>
  </testcase> <!-- @AfterMethod aftermethod -->
  <testcase name="@BeforeMethod beforemethod" time="0.0" classname="com.hybrid.testBase.TestBase">
    <skipped/>
  </testcase> <!-- @BeforeMethod beforemethod -->
  <testcase name="@AfterMethod aftermethod" time="0.0" classname="com.hybrid.testBase.TestBase">
    <skipped/>
  </testcase> <!-- @AfterMethod aftermethod -->
  <testcase name="@BeforeMethod beforemethod" time="0.0" classname="com.hybrid.testBase.TestBase">
    <skipped/>
  </testcase> <!-- @BeforeMethod beforemethod -->
  <testcase name="@AfterMethod aftermethod" time="0.0" classname="com.hybrid.testBase.TestBase">
    <skipped/>
  </testcase> <!-- @AfterMethod aftermethod -->
  <testcase name="@BeforeMethod beforemethod" time="0.0" classname="com.hybrid.testBase.TestBase">
    <skipped/>
  </testcase> <!-- @BeforeMethod beforemethod -->
  <testcase name="@AfterMethod aftermethod" time="0.0" classname="com.hybrid.testBase.TestBase">
    <skipped/>
  </testcase> <!-- @AfterMethod aftermethod -->
  <testcase name="@BeforeMethod beforemethod" time="0.0" classname="com.hybrid.testBase.TestBase">
    <skipped/>
  </testcase> <!-- @BeforeMethod beforemethod -->
  <testcase name="@AfterMethod aftermethod" time="0.0" classname="com.hybrid.testBase.TestBase">
    <skipped/>
  </testcase> <!-- @AfterMethod aftermethod -->
  <testcase name="@BeforeMethod beforemethod" time="0.0" classname="com.hybrid.testBase.TestBase">
    <skipped/>
  </testcase> <!-- @BeforeMethod beforemethod -->
  <testcase name="@AfterMethod aftermethod" time="0.0" classname="com.hybrid.testBase.TestBase">
    <skipped/>
  </testcase> <!-- @AfterMethod aftermethod -->
  <testcase name="@BeforeMethod beforemethod" time="0.0" classname="com.hybrid.testBase.TestBase">
    <skipped/>
  </testcase> <!-- @BeforeMethod beforemethod -->
  <testcase name="@AfterMethod aftermethod" time="0.0" classname="com.hybrid.testBase.TestBase">
    <skipped/>
  </testcase> <!-- @AfterMethod aftermethod -->
  <testcase name="@BeforeMethod beforemethod" time="0.0" classname="com.hybrid.testBase.TestBase">
    <skipped/>
  </testcase> <!-- @BeforeMethod beforemethod -->
  <testcase name="@AfterMethod aftermethod" time="0.0" classname="com.hybrid.testBase.TestBase">
    <skipped/>
  </testcase> <!-- @AfterMethod aftermethod -->
  <testcase name="@BeforeMethod beforemethod" time="0.0" classname="com.hybrid.testBase.TestBase">
    <skipped/>
  </testcase> <!-- @BeforeMethod beforemethod -->
  <testcase name="@AfterMethod aftermethod" time="0.0" classname="com.hybrid.testBase.TestBase">
    <skipped/>
  </testcase> <!-- @AfterMethod aftermethod -->
  <testcase name="@BeforeMethod beforemethod" time="0.0" classname="com.hybrid.testBase.TestBase">
    <skipped/>
  </testcase> <!-- @BeforeMethod beforemethod -->
  <testcase name="@AfterMethod aftermethod" time="0.0" classname="com.hybrid.testBase.TestBase">
    <skipped/>
  </testcase> <!-- @AfterMethod aftermethod -->
  <testcase name="@BeforeMethod beforemethod" time="0.0" classname="com.hybrid.testBase.TestBase">
    <skipped/>
  </testcase> <!-- @BeforeMethod beforemethod -->
  <testcase name="@AfterMethod aftermethod" time="0.0" classname="com.hybrid.testBase.TestBase">
    <skipped/>
  </testcase> <!-- @AfterMethod aftermethod -->
  <testcase name="@BeforeMethod beforemethod" time="0.0" classname="com.hybrid.testBase.TestBase">
    <skipped/>
  </testcase> <!-- @BeforeMethod beforemethod -->
  <testcase name="@AfterMethod aftermethod" time="0.0" classname="com.hybrid.testBase.TestBase">
    <skipped/>
  </testcase> <!-- @AfterMethod aftermethod -->
  <testcase name="@BeforeMethod beforemethod" time="0.0" classname="com.hybrid.testBase.TestBase">
    <skipped/>
  </testcase> <!-- @BeforeMethod beforemethod -->
  <testcase name="@AfterMethod aftermethod" time="0.0" classname="com.hybrid.testBase.TestBase">
    <skipped/>
  </testcase> <!-- @AfterMethod aftermethod -->
  <testcase name="@BeforeMethod beforemethod" time="0.0" classname="com.hybrid.testBase.TestBase">
    <skipped/>
  </testcase> <!-- @BeforeMethod beforemethod -->
  <testcase name="@AfterMethod aftermethod" time="0.0" classname="com.hybrid.testBase.TestBase">
    <skipped/>
  </testcase> <!-- @AfterMethod aftermethod -->
  <testcase name="@BeforeMethod beforemethod" time="0.0" classname="com.hybrid.testBase.TestBase">
    <skipped/>
  </testcase> <!-- @BeforeMethod beforemethod -->
  <testcase name="@AfterMethod aftermethod" time="0.0" classname="com.hybrid.testBase.TestBase">
    <skipped/>
  </testcase> <!-- @AfterMethod aftermethod -->
  <testcase name="@BeforeMethod beforemethod" time="0.0" classname="com.hybrid.testBase.TestBase">
    <skipped/>
  </testcase> <!-- @BeforeMethod beforemethod -->
  <testcase name="@AfterMethod aftermethod" time="0.0" classname="com.hybrid.testBase.TestBase">
    <skipped/>
  </testcase> <!-- @AfterMethod aftermethod -->
  <testcase name="@BeforeMethod beforemethod" time="0.0" classname="com.hybrid.testBase.TestBase">
    <skipped/>
  </testcase> <!-- @BeforeMethod beforemethod -->
  <testcase name="@AfterMethod aftermethod" time="0.0" classname="com.hybrid.testBase.TestBase">
    <skipped/>
  </testcase> <!-- @AfterMethod aftermethod -->
  <testcase name="@BeforeMethod beforemethod" time="0.0" classname="com.hybrid.testBase.TestBase">
    <skipped/>
  </testcase> <!-- @BeforeMethod beforemethod -->
  <testcase name="@AfterMethod aftermethod" time="0.0" classname="com.hybrid.testBase.TestBase">
    <skipped/>
  </testcase> <!-- @AfterMethod aftermethod -->
  <testcase name="@BeforeMethod beforemethod" time="0.0" classname="com.hybrid.testBase.TestBase">
    <skipped/>
  </testcase> <!-- @BeforeMethod beforemethod -->
  <testcase name="@AfterMethod aftermethod" time="0.0" classname="com.hybrid.testBase.TestBase">
    <skipped/>
  </testcase> <!-- @AfterMethod aftermethod -->
  <testcase name="@BeforeMethod beforemethod" time="0.0" classname="com.hybrid.testBase.TestBase">
    <skipped/>
  </testcase> <!-- @BeforeMethod beforemethod -->
  <testcase name="@AfterMethod aftermethod" time="0.0" classname="com.hybrid.testBase.TestBase">
    <skipped/>
  </testcase> <!-- @AfterMethod aftermethod -->
  <testcase name="@BeforeMethod beforemethod" time="0.0" classname="com.hybrid.testBase.TestBase">
    <skipped/>
  </testcase> <!-- @BeforeMethod beforemethod -->
  <testcase name="@AfterMethod aftermethod" time="0.0" classname="com.hybrid.testBase.TestBase">
    <skipped/>
  </testcase> <!-- @AfterMethod aftermethod -->
  <testcase name="@BeforeMethod beforemethod" time="0.0" classname="com.hybrid.testBase.TestBase">
    <skipped/>
  </testcase> <!-- @BeforeMethod beforemethod -->
  <testcase name="@AfterMethod aftermethod" time="0.0" classname="com.hybrid.testBase.TestBase">
    <skipped/>
  </testcase> <!-- @AfterMethod aftermethod -->
  <testcase name="@BeforeMethod beforemethod" time="0.0" classname="com.hybrid.testBase.TestBase">
    <skipped/>
  </testcase> <!-- @BeforeMethod beforemethod -->
  <testcase name="@AfterMethod aftermethod" time="0.0" classname="com.hybrid.testBase.TestBase">
    <skipped/>
  </testcase> <!-- @AfterMethod aftermethod -->
  <testcase name="@BeforeMethod beforemethod" time="0.0" classname="com.hybrid.testBase.TestBase">
    <skipped/>
  </testcase> <!-- @BeforeMethod beforemethod -->
  <testcase name="@AfterMethod aftermethod" time="0.0" classname="com.hybrid.testBase.TestBase">
    <skipped/>
  </testcase> <!-- @AfterMethod aftermethod -->
  <testcase name="@BeforeMethod beforemethod" time="0.0" classname="com.hybrid.testBase.TestBase">
    <skipped/>
  </testcase> <!-- @BeforeMethod beforemethod -->
  <testcase name="@AfterMethod aftermethod" time="0.0" classname="com.hybrid.testBase.TestBase">
    <skipped/>
  </testcase> <!-- @AfterMethod aftermethod -->
  <testcase name="@BeforeMethod beforemethod" time="0.0" classname="com.hybrid.testBase.TestBase">
    <skipped/>
  </testcase> <!-- @BeforeMethod beforemethod -->
  <testcase name="@AfterMethod aftermethod" time="0.0" classname="com.hybrid.testBase.TestBase">
    <skipped/>
  </testcase> <!-- @AfterMethod aftermethod -->
  <testcase name="@BeforeMethod beforemethod" time="0.0" classname="com.hybrid.testBase.TestBase">
    <skipped/>
  </testcase> <!-- @BeforeMethod beforemethod -->
  <testcase name="@AfterMethod aftermethod" time="0.0" classname="com.hybrid.testBase.TestBase">
    <skipped/>
  </testcase> <!-- @AfterMethod aftermethod -->
  <testcase name="@BeforeMethod beforemethod" time="0.0" classname="com.hybrid.testBase.TestBase">
    <skipped/>
  </testcase> <!-- @BeforeMethod beforemethod -->
  <testcase name="@AfterMethod aftermethod" time="0.0" classname="com.hybrid.testBase.TestBase">
    <skipped/>
  </testcase> <!-- @AfterMethod aftermethod -->
  <testcase name="@BeforeMethod beforemethod" time="0.0" classname="com.hybrid.testBase.TestBase">
    <skipped/>
  </testcase> <!-- @BeforeMethod beforemethod -->
  <testcase name="@AfterMethod aftermethod" time="0.0" classname="com.hybrid.testBase.TestBase">
    <skipped/>
  </testcase> <!-- @AfterMethod aftermethod -->
  <testcase name="@BeforeMethod beforemethod" time="0.0" classname="com.hybrid.testBase.TestBase">
    <skipped/>
  </testcase> <!-- @BeforeMethod beforemethod -->
  <testcase name="@AfterMethod aftermethod" time="0.0" classname="com.hybrid.testBase.TestBase">
    <skipped/>
  </testcase> <!-- @AfterMethod aftermethod -->
  <testcase name="@BeforeMethod beforemethod" time="0.0" classname="com.hybrid.testBase.TestBase">
    <skipped/>
  </testcase> <!-- @BeforeMethod beforemethod -->
  <testcase name="@AfterMethod aftermethod" time="0.0" classname="com.hybrid.testBase.TestBase">
    <skipped/>
  </testcase> <!-- @AfterMethod aftermethod -->
  <testcase name="@BeforeMethod beforemethod" time="0.0" classname="com.hybrid.testBase.TestBase">
    <skipped/>
  </testcase> <!-- @BeforeMethod beforemethod -->
  <testcase name="@AfterMethod aftermethod" time="0.0" classname="com.hybrid.testBase.TestBase">
    <skipped/>
  </testcase> <!-- @AfterMethod aftermethod -->
  <testcase name="@BeforeMethod beforemethod" time="0.0" classname="com.hybrid.testBase.TestBase">
    <skipped/>
  </testcase> <!-- @BeforeMethod beforemethod -->
  <testcase name="@AfterMethod aftermethod" time="0.0" classname="com.hybrid.testBase.TestBase">
    <skipped/>
  </testcase> <!-- @AfterMethod aftermethod -->
  <testcase name="@BeforeMethod beforemethod" time="0.0" classname="com.hybrid.testBase.TestBase">
    <skipped/>
  </testcase> <!-- @BeforeMethod beforemethod -->
  <testcase name="@AfterMethod aftermethod" time="0.0" classname="com.hybrid.testBase.TestBase">
    <skipped/>
  </testcase> <!-- @AfterMethod aftermethod -->
  <testcase name="@BeforeMethod beforemethod" time="0.0" classname="com.hybrid.testBase.TestBase">
    <skipped/>
  </testcase> <!-- @BeforeMethod beforemethod -->
  <testcase name="@AfterMethod aftermethod" time="0.0" classname="com.hybrid.testBase.TestBase">
    <skipped/>
  </testcase> <!-- @AfterMethod aftermethod -->
  <testcase name="@BeforeMethod beforemethod" time="0.0" classname="com.hybrid.testBase.TestBase">
    <skipped/>
  </testcase> <!-- @BeforeMethod beforemethod -->
  <testcase name="@AfterMethod aftermethod" time="0.0" classname="com.hybrid.testBase.TestBase">
    <skipped/>
  </testcase> <!-- @AfterMethod aftermethod -->
  <testcase name="@BeforeMethod beforemethod" time="0.0" classname="com.hybrid.testBase.TestBase">
    <skipped/>
  </testcase> <!-- @BeforeMethod beforemethod -->
  <testcase name="@AfterMethod aftermethod" time="0.0" classname="com.hybrid.testBase.TestBase">
    <skipped/>
  </testcase> <!-- @AfterMethod aftermethod -->
  <testcase name="@BeforeMethod beforemethod" time="0.0" classname="com.hybrid.testBase.TestBase">
    <skipped/>
  </testcase> <!-- @BeforeMethod beforemethod -->
  <testcase name="@AfterMethod aftermethod" time="0.0" classname="com.hybrid.testBase.TestBase">
    <skipped/>
  </testcase> <!-- @AfterMethod aftermethod -->
  <testcase name="@BeforeMethod beforemethod" time="0.0" classname="com.hybrid.testBase.TestBase">
    <skipped/>
  </testcase> <!-- @BeforeMethod beforemethod -->
  <testcase name="@AfterMethod aftermethod" time="0.0" classname="com.hybrid.testBase.TestBase">
    <skipped/>
  </testcase> <!-- @AfterMethod aftermethod -->
  <testcase name="@BeforeMethod beforemethod" time="0.0" classname="com.hybrid.testBase.TestBase">
    <skipped/>
  </testcase> <!-- @BeforeMethod beforemethod -->
  <testcase name="@AfterMethod aftermethod" time="0.0" classname="com.hybrid.testBase.TestBase">
    <skipped/>
  </testcase> <!-- @AfterMethod aftermethod -->
  <testcase name="@BeforeMethod beforemethod" time="0.0" classname="com.hybrid.testBase.TestBase">
    <skipped/>
  </testcase> <!-- @BeforeMethod beforemethod -->
  <testcase name="@AfterMethod aftermethod" time="0.0" classname="com.hybrid.testBase.TestBase">
    <skipped/>
  </testcase> <!-- @AfterMethod aftermethod -->
  <testcase name="@BeforeMethod beforemethod" time="0.0" classname="com.hybrid.testBase.TestBase">
    <skipped/>
  </testcase> <!-- @BeforeMethod beforemethod -->
  <testcase name="@AfterMethod aftermethod" time="0.0" classname="com.hybrid.testBase.TestBase">
    <skipped/>
  </testcase> <!-- @AfterMethod aftermethod -->
  <testcase name="@BeforeMethod beforemethod" time="0.0" classname="com.hybrid.testBase.TestBase">
    <skipped/>
  </testcase> <!-- @BeforeMethod beforemethod -->
  <testcase name="@AfterMethod aftermethod" time="0.0" classname="com.hybrid.testBase.TestBase">
    <skipped/>
  </testcase> <!-- @AfterMethod aftermethod -->
  <testcase name="@BeforeMethod beforemethod" time="0.0" classname="com.hybrid.testBase.TestBase">
    <skipped/>
  </testcase> <!-- @BeforeMethod beforemethod -->
  <testcase name="@AfterMethod aftermethod" time="0.0" classname="com.hybrid.testBase.TestBase">
    <skipped/>
  </testcase> <!-- @AfterMethod aftermethod -->
  <testcase name="@BeforeMethod beforemethod" time="0.0" classname="com.hybrid.testBase.TestBase">
    <skipped/>
  </testcase> <!-- @BeforeMethod beforemethod -->
  <testcase name="@AfterMethod aftermethod" time="0.0" classname="com.hybrid.testBase.TestBase">
    <skipped/>
  </testcase> <!-- @AfterMethod aftermethod -->
  <testcase name="@BeforeMethod beforemethod" time="0.0" classname="com.hybrid.testBase.TestBase">
    <skipped/>
  </testcase> <!-- @BeforeMethod beforemethod -->
  <testcase name="@AfterMethod aftermethod" time="0.0" classname="com.hybrid.testBase.TestBase">
    <skipped/>
  </testcase> <!-- @AfterMethod aftermethod -->
  <testcase name="@BeforeMethod beforemethod" time="0.0" classname="com.hybrid.testBase.TestBase">
    <skipped/>
  </testcase> <!-- @BeforeMethod beforemethod -->
  <testcase name="@AfterMethod aftermethod" time="0.0" classname="com.hybrid.testBase.TestBase">
    <skipped/>
  </testcase> <!-- @AfterMethod aftermethod -->
  <testcase name="@BeforeMethod beforemethod" time="0.0" classname="com.hybrid.testBase.TestBase">
    <skipped/>
  </testcase> <!-- @BeforeMethod beforemethod -->
  <testcase name="@AfterMethod aftermethod" time="0.0" classname="com.hybrid.testBase.TestBase">
    <skipped/>
  </testcase> <!-- @AfterMethod aftermethod -->
  <testcase name="@BeforeMethod beforemethod" time="0.0" classname="com.hybrid.testBase.TestBase">
    <skipped/>
  </testcase> <!-- @BeforeMethod beforemethod -->
  <testcase name="@AfterMethod aftermethod" time="0.0" classname="com.hybrid.testBase.TestBase">
    <skipped/>
  </testcase> <!-- @AfterMethod aftermethod -->
  <testcase name="@BeforeMethod beforemethod" time="0.0" classname="com.hybrid.testBase.TestBase">
    <skipped/>
  </testcase> <!-- @BeforeMethod beforemethod -->
  <testcase name="@AfterMethod aftermethod" time="0.0" classname="com.hybrid.testBase.TestBase">
    <skipped/>
  </testcase> <!-- @AfterMethod aftermethod -->
  <testcase name="@BeforeMethod beforemethod" time="0.0" classname="com.hybrid.testBase.TestBase">
    <skipped/>
  </testcase> <!-- @BeforeMethod beforemethod -->
  <testcase name="@AfterMethod aftermethod" time="0.0" classname="com.hybrid.testBase.TestBase">
    <skipped/>
  </testcase> <!-- @AfterMethod aftermethod -->
  <testcase name="@BeforeMethod beforemethod" time="0.0" classname="com.hybrid.testBase.TestBase">
    <skipped/>
  </testcase> <!-- @BeforeMethod beforemethod -->
  <testcase name="@AfterMethod aftermethod" time="0.0" classname="com.hybrid.testBase.TestBase">
    <skipped/>
  </testcase> <!-- @AfterMethod aftermethod -->
  <testcase name="@BeforeMethod beforemethod" time="0.0" classname="com.hybrid.testBase.TestBase">
    <skipped/>
  </testcase> <!-- @BeforeMethod beforemethod -->
  <testcase name="@AfterMethod aftermethod" time="0.0" classname="com.hybrid.testBase.TestBase">
    <skipped/>
  </testcase> <!-- @AfterMethod aftermethod -->
  <testcase name="@BeforeMethod beforemethod" time="0.0" classname="com.hybrid.testBase.TestBase">
    <skipped/>
  </testcase> <!-- @BeforeMethod beforemethod -->
  <testcase name="@AfterMethod aftermethod" time="0.0" classname="com.hybrid.testBase.TestBase">
    <skipped/>
  </testcase> <!-- @AfterMethod aftermethod -->
  <testcase name="@BeforeMethod beforemethod" time="0.0" classname="com.hybrid.testBase.TestBase">
    <skipped/>
  </testcase> <!-- @BeforeMethod beforemethod -->
  <testcase name="@AfterMethod aftermethod" time="0.0" classname="com.hybrid.testBase.TestBase">
    <skipped/>
  </testcase> <!-- @AfterMethod aftermethod -->
  <testcase name="@BeforeMethod beforemethod" time="0.0" classname="com.hybrid.testBase.TestBase">
    <skipped/>
  </testcase> <!-- @BeforeMethod beforemethod -->
  <testcase name="@AfterMethod aftermethod" time="0.0" classname="com.hybrid.testBase.TestBase">
    <skipped/>
  </testcase> <!-- @AfterMethod aftermethod -->
  <testcase name="@BeforeMethod beforemethod" time="0.0" classname="com.hybrid.testBase.TestBase">
    <skipped/>
  </testcase> <!-- @BeforeMethod beforemethod -->
  <testcase name="@AfterMethod aftermethod" time="0.0" classname="com.hybrid.testBase.TestBase">
    <skipped/>
  </testcase> <!-- @AfterMethod aftermethod -->
[...]
    <skipped/>
  </testcase> <!-- getregdata -->
  <testcase name="getregdata" time="0.0" classname="com.hybrid.testscipts.RegistrationTest">
    <skipped/>
  </testcase> <!-- getregdata -->
  <testcase name="getregdata" time="0.0" classname="com.hybrid.testscipts.RegistrationTest">
    <skipped/>
  </testcase> <!-- getregdata -->
  <testcase name="getregdata" time="0.0" classname="com.hybrid.testscipts.RegistrationTest">
    <skipped/>
  </testcase> <!-- getregdata -->
  <testcase name="getregdata" time="0.0" classname="com.hybrid.testscipts.RegistrationTest">
    <skipped/>
  </testcase> <!-- getregdata -->
  <testcase name="getregdata" time="0.0" classname="com.hybrid.testscipts.RegistrationTest">
    <skipped/>
  </testcase> <!-- getregdata -->
  <testcase name="getregdata" time="0.0" classname="com.hybrid.testscipts.RegistrationTest">
    <skipped/>
  </testcase> <!-- getregdata -->
  <testcase name="getregdata" time="0.0" classname="com.hybrid.testscipts.RegistrationTest">
    <skipped/>
  </testcase> <!-- getregdata -->
  <testcase name="getregdata" time="0.0" classname="com.hybrid.testscipts.RegistrationTest">
    <skipped/>
  </testcase> <!-- getregdata -->
  <testcase name="getregdata" time="0.0" classname="com.hybrid.testscipts.RegistrationTest">
    <skipped/>
  </testcase> <!-- getregdata -->
  <testcase name="getregdata" time="0.0" classname="com.hybrid.testscipts.RegistrationTest">
    <skipped/>
  </testcase> <!-- getregdata -->
  <testcase name="getregdata" time="0.0" classname="com.hybrid.testscipts.RegistrationTest">
    <skipped/>
  </testcase> <!-- getregdata -->
  <testcase name="getregdata" time="0.0" classname="com.hybrid.testscipts.RegistrationTest">
    <skipped/>
  </testcase> <!-- getregdata -->
  <testcase name="getregdata" time="0.0" classname="com.hybrid.testscipts.RegistrationTest">
    <skipped/>
  </testcase> <!-- getregdata -->
  <testcase name="getregdata" time="0.0" classname="com.hybrid.testscipts.RegistrationTest">
    <skipped/>
  </testcase> <!-- getregdata -->
  <testcase name="getregdata" time="0.0" classname="com.hybrid.testscipts.RegistrationTest">
    <skipped/>
  </testcase> <!-- getregdata -->
  <testcase name="getregdata" time="0.0" classname="com.hybrid.testscipts.RegistrationTest">
    <skipped/>
  </testcase> <!-- getregdata -->
  <testcase name="getregdata" time="0.0" classname="com.hybrid.testscipts.RegistrationTest">
    <skipped/>
  </testcase> <!-- getregdata -->
  <testcase name="getregdata" time="0.0" classname="com.hybrid.testscipts.RegistrationTest">
    <skipped/>
  </testcase> <!-- getregdata -->
  <testcase name="getregdata" time="0.0" classname="com.hybrid.testscipts.RegistrationTest">
    <skipped/>
  </testcase> <!-- getregdata -->
  <testcase name="getregdata" time="0.0" classname="com.hybrid.testscipts.RegistrationTest">
    <skipped/>
  </testcase> <!-- getregdata -->
  <testcase name="getregdata" time="0.0" classname="com.hybrid.testscipts.RegistrationTest">
    <skipped/>
  </testcase> <!-- getregdata -->
  <testcase name="getregdata" time="0.0" classname="com.hybrid.testscipts.RegistrationTest">
    <skipped/>
  </testcase> <!-- getregdata -->
  <testcase name="getregdata" time="0.0" classname="com.hybrid.testscipts.RegistrationTest">
    <skipped/>
  </testcase> <!-- getregdata -->
  <testcase name="getregdata" time="0.0" classname="com.hybrid.testscipts.RegistrationTest">
    <skipped/>
  </testcase> <!-- getregdata -->
  <testcase name="getregdata" time="0.0" classname="com.hybrid.testscipts.RegistrationTest">
    <skipped/>
  </testcase> <!-- getregdata -->
  <testcase name="getregdata" time="0.0" classname="com.hybrid.testscipts.RegistrationTest">
    <skipped/>
  </testcase> <!-- getregdata -->
  <testcase name="getregdata" time="0.0" classname="com.hybrid.testscipts.RegistrationTest">
    <skipped/>
  </testcase> <!-- getregdata -->
  <testcase name="getregdata" time="0.0" classname="com.hybrid.testscipts.RegistrationTest">
    <skipped/>
  </testcase> <!-- getregdata -->
  <testcase name="getregdata" time="0.0" classname="com.hybrid.testscipts.RegistrationTest">
    <skipped/>
  </testcase> <!-- getregdata -->
  <testcase name="getregdata" time="0.0" classname="com.hybrid.testscipts.RegistrationTest">
    <skipped/>
  </testcase> <!-- getregdata -->
  <testcase name="getregdata" time="0.0" classname="com.hybrid.testscipts.RegistrationTest">
    <skipped/>
  </testcase> <!-- getregdata -->
  <testcase name="getregdata" time="0.0" classname="com.hybrid.testscipts.RegistrationTest">
    <skipped/>
  </testcase> <!-- getregdata -->
  <testcase name="getregdata" time="0.0" classname="com.hybrid.testscipts.RegistrationTest">
    <skipped/>
  </testcase> <!-- getregdata -->
  <testcase name="getregdata" time="0.0" classname="com.hybrid.testscipts.RegistrationTest">
    <skipped/>
  </testcase> <!-- getregdata -->
  <testcase name="getregdata" time="0.0" classname="com.hybrid.testscipts.RegistrationTest">
    <skipped/>
  </testcase> <!-- getregdata -->
  <testcase name="getregdata" time="0.0" classname="com.hybrid.testscipts.RegistrationTest">
    <skipped/>
  </testcase> <!-- getregdata -->
  <testcase name="getregdata" time="0.0" classname="com.hybrid.testscipts.RegistrationTest">
    <skipped/>
  </testcase> <!-- getregdata -->
  <testcase name="getregdata" time="0.0" classname="com.hybrid.testscipts.RegistrationTest">
    <skipped/>
  </testcase> <!-- getregdata -->
  <testcase name="getregdata" time="0.0" classname="com.hybrid.testscipts.RegistrationTest">
    <skipped/>
  </testcase> <!-- getregdata -->
  <testcase name="getregdata" time="0.0" classname="com.hybrid.testscipts.RegistrationTest">
    <skipped/>
  </testcase> <!-- getregdata -->
  <testcase name="getregdata" time="0.0" classname="com.hybrid.testscipts.RegistrationTest">
    <skipped/>
  </testcase> <!-- getregdata -->
  <testcase name="getregdata" time="0.0" classname="com.hybrid.testscipts.RegistrationTest">
    <skipped/>
  </testcase> <!-- getregdata -->
  <testcase name="getregdata" time="0.0" classname="com.hybrid.testscipts.RegistrationTest">
    <skipped/>
  </testcase> <!-- getregdata -->
  <testcase name="getregdata" time="0.0" classname="com.hybrid.testscipts.RegistrationTest">
    <skipped/>
  </testcase> <!-- getregdata -->
  <testcase name="getregdata" time="0.0" classname="com.hybrid.testscipts.RegistrationTest">
    <skipped/>
  </testcase> <!-- getregdata -->
  <testcase name="getregdata" time="0.0" classname="com.hybrid.testscipts.RegistrationTest">
    <skipped/>
  </testcase> <!-- getregdata -->
  <testcase name="getregdata" time="0.0" classname="com.hybrid.testscipts.RegistrationTest">
    <skipped/>
  </testcase> <!-- getregdata -->
  <testcase name="getregdata" time="0.0" classname="com.hybrid.testscipts.RegistrationTest">
    <skipped/>
  </testcase> <!-- getregdata -->
  <testcase name="getregdata" time="0.0" classname="com.hybrid.testscipts.RegistrationTest">
    <skipped/>
  </testcase> <!-- getregdata -->
  <testcase name="getregdata" time="0.0" classname="com.hybrid.testscipts.RegistrationTest">
    <skipped/>
  </testcase> <!-- getregdata -->
  <testcase name="getregdata" time="0.0" classname="com.hybrid.testscipts.RegistrationTest">
    <skipped/>
  </testcase> <!-- getregdata -->
  <testcase name="getregdata" time="0.0" classname="com.hybrid.testscipts.RegistrationTest">
    <skipped/>
  </testcase> <!-- getregdata -->
  <testcase name="getregdata" time="0.0" classname="com.hybrid.testscipts.RegistrationTest">
    <skipped/>
  </testcase> <!-- getregdata -->
  <testcase name="getregdata" time="0.0" classname="com.hybrid.testscipts.RegistrationTest">
    <skipped/>
  </testcase> <!-- getregdata -->
  <testcase name="getregdata" time="0.0" classname="com.hybrid.testscipts.RegistrationTest">
    <skipped/>
  </testcase> <!-- getregdata -->
  <testcase name="getregdata" time="0.0" classname="com.hybrid.testscipts.RegistrationTest">
    <skipped/>
  </testcase> <!-- getregdata -->
  <testcase name="getregdata" time="0.0" classname="com.hybrid.testscipts.RegistrationTest">
    <skipped/>
  </testcase> <!-- getregdata -->
  <testcase name="getregdata" time="0.0" classname="com.hybrid.testscipts.RegistrationTest">
    <skipped/>
  </testcase> <!-- getregdata -->
  <testcase name="getregdata" time="0.0" classname="com.hybrid.testscipts.RegistrationTest">
    <skipped/>
  </testcase> <!-- getregdata -->
  <testcase name="getregdata" time="0.0" classname="com.hybrid.testscipts.RegistrationTest">
    <skipped/>
  </testcase> <!-- getregdata -->
  <testcase name="getregdata" time="0.0" classname="com.hybrid.testscipts.RegistrationTest">
    <skipped/>
  </testcase> <!-- getregdata -->
  <testcase name="getregdata" time="0.0" classname="com.hybrid.testscipts.RegistrationTest">
    <skipped/>
  </testcase> <!-- getregdata -->
  <testcase name="getregdata" time="0.0" classname="com.hybrid.testscipts.RegistrationTest">
    <skipped/>
  </testcase> <!-- getregdata -->
  <testcase name="getregdata" time="0.0" classname="com.hybrid.testscipts.RegistrationTest">
    <skipped/>
  </testcase> <!-- getregdata -->
  <testcase name="getregdata" time="0.0" classname="com.hybrid.testscipts.RegistrationTest">
    <skipped/>
  </testcase> <!-- getregdata -->
  <testcase name="getregdata" time="0.0" classname="com.hybrid.testscipts.RegistrationTest">
    <skipped/>
  </testcase> <!-- getregdata -->
  <testcase name="getregdata" time="0.0" classname="com.hybrid.testscipts.RegistrationTest">
    <skipped/>
  </testcase> <!-- getregdata -->
  <testcase name="getregdata" time="0.0" classname="com.hybrid.testscipts.RegistrationTest">
    <skipped/>
  </testcase> <!-- getregdata -->
  <testcase name="getregdata" time="0.0" classname="com.hybrid.testscipts.RegistrationTest">
    <skipped/>
  </testcase> <!-- getregdata -->
  <testcase name="getregdata" time="0.0" classname="com.hybrid.testscipts.RegistrationTest">
    <skipped/>
  </testcase> <!-- getregdata -->
  <testcase name="getregdata" time="0.0" classname="com.hybrid.testscipts.RegistrationTest">
    <skipped/>
  </testcase> <!-- getregdata -->
  <testcase name="getregdata" time="0.0" classname="com.hybrid.testscipts.RegistrationTest">
    <skipped/>
  </testcase> <!-- getregdata -->
  <testcase name="getregdata" time="0.0" classname="com.hybrid.testscipts.RegistrationTest">
    <skipped/>
  </testcase> <!-- getregdata -->
  <testcase name="getregdata" time="0.0" classname="com.hybrid.testscipts.RegistrationTest">
    <skipped/>
  </testcase> <!-- getregdata -->
  <testcase name="getregdata" time="0.0" classname="com.hybrid.testscipts.RegistrationTest">
    <skipped/>
  </testcase> <!-- getregdata -->
  <testcase name="getregdata" time="0.0" classname="com.hybrid.testscipts.RegistrationTest">
    <skipped/>
  </testcase> <!-- getregdata -->
  <testcase name="getregdata" time="0.0" classname="com.hybrid.testscipts.RegistrationTest">
    <skipped/>
  </testcase> <!-- getregdata -->
  <testcase name="getregdata" time="0.0" classname="com.hybrid.testscipts.RegistrationTest">
    <skipped/>
  </testcase> <!-- getregdata -->
  <testcase name="getregdata" time="0.0" classname="com.hybrid.testscipts.RegistrationTest">
    <skipped/>
  </testcase> <!-- getregdata -->
  <testcase name="getregdata" time="0.0" classname="com.hybrid.testscipts.RegistrationTest">
    <skipped/>
  </testcase> <!-- getregdata -->
  <testcase name="getregdata" time="0.0" classname="com.hybrid.testscipts.RegistrationTest">
    <skipped/>
  </testcase> <!-- getregdata -->
  <testcase name="getregdata" time="0.0" classname="com.hybrid.testscipts.RegistrationTest">
    <skipped/>
  </testcase> <!-- getregdata -->
  <testcase name="getregdata" time="0.0" classname="com.hybrid.testscipts.RegistrationTest">
    <skipped/>
  </testcase> <!-- getregdata -->
  <testcase name="getregdata" time="0.0" classname="com.hybrid.testscipts.RegistrationTest">
    <skipped/>
  </testcase> <!-- getregdata -->
  <testcase name="getregdata" time="0.0" classname="com.hybrid.testscipts.RegistrationTest">
    <skipped/>
  </testcase> <!-- getregdata -->
  <testcase name="getregdata" time="0.0" classname="com.hybrid.testscipts.RegistrationTest">
    <skipped/>
  </testcase> <!-- getregdata -->
  <testcase name="getregdata" time="0.0" classname="com.hybrid.testscipts.RegistrationTest">
    <skipped/>
  </testcase> <!-- getregdata -->
  <testcase name="getregdata" time="0.0" classname="com.hybrid.testscipts.RegistrationTest">
    <skipped/>
  </testcase> <!-- getregdata -->
  <testcase name="getregdata" time="0.0" classname="com.hybrid.testscipts.RegistrationTest">
    <skipped/>
  </testcase> <!-- getregdata -->
  <testcase name="getregdata" time="0.0" classname="com.hybrid.testscipts.RegistrationTest">
    <skipped/>
  </testcase> <!-- getregdata -->
  <testcase name="getregdata" time="0.0" classname="com.hybrid.testscipts.RegistrationTest">
    <skipped/>
  </testcase> <!-- getregdata -->
  <testcase name="getregdata" time="0.0" classname="com.hybrid.testscipts.RegistrationTest">
    <skipped/>
  </testcase> <!-- getregdata -->
  <testcase name="getregdata" time="0.0" classname="com.hybrid.testscipts.RegistrationTest">
    <skipped/>
  </testcase> <!-- getregdata -->
  <testcase name="getregdata" time="0.0" classname="com.hybrid.testscipts.RegistrationTest">
    <skipped/>
  </testcase> <!-- getregdata -->
  <testcase name="getregdata" time="0.0" classname="com.hybrid.testscipts.RegistrationTest">
    <skipped/>
  </testcase> <!-- getregdata -->
  <testcase name="getregdata" time="0.0" classname="com.hybrid.testscipts.RegistrationTest">
    <skipped/>
  </testcase> <!-- getregdata -->
  <testcase name="getregdata" time="0.0" classname="com.hybrid.testscipts.RegistrationTest">
    <skipped/>
  </testcase> <!-- getregdata -->
  <testcase name="getregdata" time="0.0" classname="com.hybrid.testscipts.RegistrationTest">
    <skipped/>
  </testcase> <!-- getregdata -->
  <testcase name="getregdata" time="0.0" classname="com.hybrid.testscipts.RegistrationTest">
    <skipped/>
  </testcase> <!-- getregdata -->
  <testcase name="getregdata" time="0.0" classname="com.hybrid.testscipts.RegistrationTest">
    <skipped/>
  </testcase> <!-- getregdata -->
  <testcase name="getregdata" time="0.0" classname="com.hybrid.testscipts.RegistrationTest">
    <skipped/>
  </testcase> <!-- getregdata -->
  <testcase name="getregdata" time="0.0" classname="com.hybrid.testscipts.RegistrationTest">
    <skipped/>
  </testcase> <!-- getregdata -->
  <testcase name="getregdata" time="0.0" classname="com.hybrid.testscipts.RegistrationTest">
    <skipped/>
  </testcase> <!-- getregdata -->
  <testcase name="getregdata" time="0.0" classname="com.hybrid.testscipts.RegistrationTest">
    <skipped/>
  </testcase> <!-- getregdata -->
  <testcase name="getregdata" time="0.0" classname="com.hybrid.testscipts.RegistrationTest">
    <skipped/>
  </testcase> <!-- getregdata -->
  <testcase name="getregdata" time="0.0" classname="com.hybrid.testscipts.RegistrationTest">
    <skipped/>
  </testcase> <!-- getregdata -->
  <testcase name="getregdata" time="0.0" classname="com.hybrid.testscipts.RegistrationTest">
    <skipped/>
  </testcase> <!-- getregdata -->
  <testcase name="getregdata" time="0.0" classname="com.hybrid.testscipts.RegistrationTest">
    <skipped/>
  </testcase> <!-- getregdata -->
  <testcase name="getregdata" time="0.0" classname="com.hybrid.testscipts.RegistrationTest">
    <skipped/>
  </testcase> <!-- getregdata -->
  <testcase name="getregdata" time="0.0" classname="com.hybrid.testscipts.RegistrationTest">
    <skipped/>
  </testcase> <!-- getregdata -->
  <testcase name="getregdata" time="0.0" classname="com.hybrid.testscipts.RegistrationTest">
    <skipped/>
  </testcase> <!-- getregdata -->
  <testcase name="getregdata" time="0.0" classname="com.hybrid.testscipts.RegistrationTest">
    <skipped/>
  </testcase> <!-- getregdata -->
  <testcase name="getregdata" time="0.0" classname="com.hybrid.testscipts.RegistrationTest">
    <skipped/>
  </testcase> <!-- getregdata -->
  <testcase name="getregdata" time="0.0" classname="com.hybrid.testscipts.RegistrationTest">
    <skipped/>
  </testcase> <!-- getregdata -->
  <testcase name="getregdata" time="0.0" classname="com.hybrid.testscipts.RegistrationTest">
    <skipped/>
  </testcase> <!-- getregdata -->
  <testcase name="getregdata" time="0.0" classname="com.hybrid.testscipts.RegistrationTest">
    <skipped/>
  </testcase> <!-- getregdata -->
  <testcase name="getregdata" time="0.001" classname="com.hybrid.testscipts.RegistrationTest">
    <skipped/>
  </testcase> <!-- getregdata -->
  <testcase name="getregdata" time="0.0" classname="com.hybrid.testscipts.RegistrationTest">
    <skipped/>
  </testcase> <!-- getregdata -->
  <testcase name="getregdata" time="0.0" classname="com.hybrid.testscipts.RegistrationTest">
    <skipped/>
  </testcase> <!-- getregdata -->
  <testcase name="getregdata" time="0.0" classname="com.hybrid.testscipts.RegistrationTest">
    <skipped/>
  </testcase> <!-- getregdata -->
  <testcase name="getregdata" time="0.0" classname="com.hybrid.testscipts.RegistrationTest">
    <skipped/>
  </testcase> <!-- getregdata -->
  <testcase name="getregdata" time="0.0" classname="com.hybrid.testscipts.RegistrationTest">
    <skipped/>
  </testcase> <!-- getregdata -->
  <testcase name="getregdata" time="0.0" classname="com.hybrid.testscipts.RegistrationTest">
    <skipped/>
  </testcase> <!-- getregdata -->
  <testcase name="getregdata" time="0.0" classname="com.hybrid.testscipts.RegistrationTest">
    <skipped/>
  </testcase> <!-- getregdata -->
  <testcase name="getregdata" time="0.0" classname="com.hybrid.testscipts.RegistrationTest">
    <skipped/>
  </testcase> <!-- getregdata -->
  <testcase name="getregdata" time="0.0" classname="com.hybrid.testscipts.RegistrationTest">
    <skipped/>
  </testcase> <!-- getregdata -->
  <testcase name="getregdata" time="0.0" classname="com.hybrid.testscipts.RegistrationTest">
    <skipped/>
  </testcase> <!-- getregdata -->
  <testcase name="getregdata" time="0.0" classname="com.hybrid.testscipts.RegistrationTest">
    <skipped/>
  </testcase> <!-- getregdata -->
  <testcase name="getregdata" time="0.0" classname="com.hybrid.testscipts.RegistrationTest">
    <skipped/>
  </testcase> <!-- getregdata -->
  <testcase name="getregdata" time="0.0" classname="com.hybrid.testscipts.RegistrationTest">
    <skipped/>
  </testcase> <!-- getregdata -->
  <testcase name="getregdata" time="0.0" classname="com.hybrid.testscipts.RegistrationTest">
    <skipped/>
  </testcase> <!-- getregdata -->
  <testcase name="getregdata" time="0.0" classname="com.hybrid.testscipts.RegistrationTest">
    <skipped/>
  </testcase> <!-- getregdata -->
  <testcase name="getregdata" time="0.0" classname="com.hybrid.testscipts.RegistrationTest">
    <skipped/>
  </testcase> <!-- getregdata -->
  <testcase name="getregdata" time="0.0" classname="com.hybrid.testscipts.RegistrationTest">
    <skipped/>
  </testcase> <!-- getregdata -->
  <testcase name="getregdata" time="0.0" classname="com.hybrid.testscipts.RegistrationTest">
    <skipped/>
  </testcase> <!-- getregdata -->
  <testcase name="getregdata" time="0.0" classname="com.hybrid.testscipts.RegistrationTest">
    <skipped/>
  </testcase> <!-- getregdata -->
  <testcase name="getregdata" time="0.0" classname="com.hybrid.testscipts.RegistrationTest">
    <skipped/>
  </testcase> <!-- getregdata -->
  <testcase name="getregdata" time="0.0" classname="com.hybrid.testscipts.RegistrationTest">
    <skipped/>
  </testcase> <!-- getregdata -->
  <testcase name="getregdata" time="0.0" classname="com.hybrid.testscipts.RegistrationTest">
    <skipped/>
  </testcase> <!-- getregdata -->
  <testcase name="getregdata" time="0.0" classname="com.hybrid.testscipts.RegistrationTest">
    <skipped/>
  </testcase> <!-- getregdata -->
</testsuite> <!-- Default test -->
